2025-03-17 07:34:47,031 - INFO - Starting Walmart Leasing Space Checker (Parallel Version)
2025-03-17 07:34:47,031 - INFO - Running job at 2025-03-17 07:34:47
2025-03-17 07:34:47,031 - INFO - Starting parallel Walmart leasing scraper...
2025-03-17 07:34:47,049 - INFO - ====== WebDriver manager ======
2025-03-17 07:34:47,629 - INFO - Get LATEST chromedriver version for google-chrome
2025-03-17 07:34:47,899 - INFO - Get LATEST chromedriver version for google-chrome
2025-03-17 07:34:48,128 - INFO - Get LATEST chromedriver version for google-chrome
2025-03-17 07:34:48,693 - INFO - WebDriver version 134.0.6998.88 selected
2025-03-17 07:34:48,697 - INFO - Modern chrome version https://storage.googleapis.com/chrome-for-testing-public/134.0.6998.88/win32/chromedriver-win32.zip
2025-03-17 07:34:48,697 - INFO - About to download new driver from https://storage.googleapis.com/chrome-for-testing-public/134.0.6998.88/win32/chromedriver-win32.zip
2025-03-17 07:34:48,878 - INFO - Driver downloading response is 200
2025-03-17 07:34:49,288 - INFO - Get LATEST chromedriver version for google-chrome
2025-03-17 07:34:50,883 - INFO - Driver has been saved in cache [C:\Users\usuario\.wdm\drivers\chromedriver\win64\134.0.6998.88]
2025-03-17 07:34:55,536 - INFO - Loaded Walmart leasing page for initial scan
2025-03-17 07:35:00,613 - INFO - Found 2079 property buttons
2025-03-17 07:35:02,697 - INFO - Divided 2079 buttons into 15 chunks for 15 workers
2025-03-17 07:35:02,698 - INFO - Worker 0: Processing 138 property buttons
2025-03-17 07:35:02,698 - INFO - Worker 1: Processing 138 property buttons
2025-03-17 07:35:02,698 - INFO - ====== WebDriver manager ======
2025-03-17 07:35:02,699 - INFO - ====== WebDriver manager ======
2025-03-17 07:35:02,699 - INFO - Worker 2: Processing 138 property buttons
2025-03-17 07:35:02,699 - INFO - Worker 3: Processing 138 property buttons
2025-03-17 07:35:02,699 - INFO - Worker 4: Processing 138 property buttons
2025-03-17 07:35:02,699 - INFO - Worker 5: Processing 138 property buttons
2025-03-17 07:35:02,699 - INFO - ====== WebDriver manager ======
2025-03-17 07:35:02,699 - INFO - Worker 6: Processing 138 property buttons
2025-03-17 07:35:02,700 - INFO - ====== WebDriver manager ======
2025-03-17 07:35:02,700 - INFO - Worker 7: Processing 138 property buttons
2025-03-17 07:35:02,700 - INFO - ====== WebDriver manager ======
2025-03-17 07:35:02,700 - INFO - Worker 8: Processing 138 property buttons
2025-03-17 07:35:02,700 - INFO - ====== WebDriver manager ======
2025-03-17 07:35:02,700 - INFO - Worker 9: Processing 138 property buttons
2025-03-17 07:35:02,700 - INFO - Worker 10: Processing 138 property buttons
2025-03-17 07:35:02,700 - INFO - ====== WebDriver manager ======
2025-03-17 07:35:02,700 - INFO - Worker 11: Processing 138 property buttons
2025-03-17 07:35:02,701 - INFO - Worker 12: Processing 138 property buttons
2025-03-17 07:35:02,701 - INFO - Worker 13: Processing 138 property buttons
2025-03-17 07:35:02,701 - INFO - ====== WebDriver manager ======
2025-03-17 07:35:02,701 - INFO - Worker 14: Processing 138 property buttons
2025-03-17 07:35:02,701 - INFO - ====== WebDriver manager ======
2025-03-17 07:35:02,702 - INFO - ====== WebDriver manager ======
2025-03-17 07:35:02,702 - INFO - ====== WebDriver manager ======
2025-03-17 07:35:02,702 - INFO - ====== WebDriver manager ======
2025-03-17 07:35:02,703 - INFO - ====== WebDriver manager ======
2025-03-17 07:35:02,703 - INFO - ====== WebDriver manager ======
2025-03-17 07:35:02,703 - INFO - ====== WebDriver manager ======
2025-03-17 07:35:04,134 - INFO - Get LATEST chromedriver version for google-chrome
2025-03-17 07:35:04,228 - INFO - Get LATEST chromedriver version for google-chrome
2025-03-17 07:35:04,234 - INFO - Get LATEST chromedriver version for google-chrome
2025-03-17 07:35:04,278 - INFO - Get LATEST chromedriver version for google-chrome
2025-03-17 07:35:04,301 - INFO - Get LATEST chromedriver version for google-chrome
2025-03-17 07:35:04,319 - INFO - Get LATEST chromedriver version for google-chrome
2025-03-17 07:35:04,328 - INFO - Get LATEST chromedriver version for google-chrome
2025-03-17 07:35:04,351 - INFO - Get LATEST chromedriver version for google-chrome
2025-03-17 07:35:04,351 - INFO - Get LATEST chromedriver version for google-chrome
2025-03-17 07:35:04,351 - INFO - Get LATEST chromedriver version for google-chrome
2025-03-17 07:35:04,358 - INFO - Get LATEST chromedriver version for google-chrome
2025-03-17 07:35:04,362 - INFO - Get LATEST chromedriver version for google-chrome
2025-03-17 07:35:04,364 - INFO - Get LATEST chromedriver version for google-chrome
2025-03-17 07:35:04,374 - INFO - Get LATEST chromedriver version for google-chrome
2025-03-17 07:35:04,385 - INFO - Get LATEST chromedriver version for google-chrome
2025-03-17 07:35:04,386 - INFO - Get LATEST chromedriver version for google-chrome
2025-03-17 07:35:04,470 - INFO - Get LATEST chromedriver version for google-chrome
2025-03-17 07:35:04,481 - INFO - Get LATEST chromedriver version for google-chrome
2025-03-17 07:35:04,554 - INFO - Get LATEST chromedriver version for google-chrome
2025-03-17 07:35:04,575 - INFO - Get LATEST chromedriver version for google-chrome
2025-03-17 07:35:04,586 - INFO - Get LATEST chromedriver version for google-chrome
2025-03-17 07:35:04,588 - INFO - Get LATEST chromedriver version for google-chrome
2025-03-17 07:35:04,589 - INFO - Get LATEST chromedriver version for google-chrome
2025-03-17 07:35:04,593 - INFO - Get LATEST chromedriver version for google-chrome
2025-03-17 07:35:04,597 - INFO - Get LATEST chromedriver version for google-chrome
2025-03-17 07:35:04,598 - INFO - Get LATEST chromedriver version for google-chrome
2025-03-17 07:35:04,601 - INFO - Get LATEST chromedriver version for google-chrome
2025-03-17 07:35:04,610 - INFO - Get LATEST chromedriver version for google-chrome
2025-03-17 07:35:04,617 - INFO - Get LATEST chromedriver version for google-chrome
2025-03-17 07:35:04,627 - INFO - Get LATEST chromedriver version for google-chrome
2025-03-17 07:35:04,657 - INFO - Driver [C:\Users\usuario\.wdm\drivers\chromedriver\win64\134.0.6998.88\chromedriver-win32/chromedriver.exe] found in cache
2025-03-17 07:35:04,747 - INFO - Driver [C:\Users\usuario\.wdm\drivers\chromedriver\win64\134.0.6998.88\chromedriver-win32/chromedriver.exe] found in cache
2025-03-17 07:35:04,798 - INFO - Driver [C:\Users\usuario\.wdm\drivers\chromedriver\win64\134.0.6998.88\chromedriver-win32/chromedriver.exe] found in cache
2025-03-17 07:35:04,801 - INFO - Driver [C:\Users\usuario\.wdm\drivers\chromedriver\win64\134.0.6998.88\chromedriver-win32/chromedriver.exe] found in cache
2025-03-17 07:35:04,820 - INFO - Driver [C:\Users\usuario\.wdm\drivers\chromedriver\win64\134.0.6998.88\chromedriver-win32/chromedriver.exe] found in cache
2025-03-17 07:35:04,825 - INFO - Driver [C:\Users\usuario\.wdm\drivers\chromedriver\win64\134.0.6998.88\chromedriver-win32/chromedriver.exe] found in cache
2025-03-17 07:35:04,826 - INFO - Driver [C:\Users\usuario\.wdm\drivers\chromedriver\win64\134.0.6998.88\chromedriver-win32/chromedriver.exe] found in cache
2025-03-17 07:35:04,848 - INFO - Driver [C:\Users\usuario\.wdm\drivers\chromedriver\win64\134.0.6998.88\chromedriver-win32/chromedriver.exe] found in cache
2025-03-17 07:35:04,869 - INFO - Driver [C:\Users\usuario\.wdm\drivers\chromedriver\win64\134.0.6998.88\chromedriver-win32/chromedriver.exe] found in cache
2025-03-17 07:35:04,870 - INFO - Driver [C:\Users\usuario\.wdm\drivers\chromedriver\win64\134.0.6998.88\chromedriver-win32/chromedriver.exe] found in cache
2025-03-17 07:35:04,880 - INFO - Driver [C:\Users\usuario\.wdm\drivers\chromedriver\win64\134.0.6998.88\chromedriver-win32/chromedriver.exe] found in cache
2025-03-17 07:35:04,885 - INFO - Driver [C:\Users\usuario\.wdm\drivers\chromedriver\win64\134.0.6998.88\chromedriver-win32/chromedriver.exe] found in cache
2025-03-17 07:35:04,901 - INFO - Driver [C:\Users\usuario\.wdm\drivers\chromedriver\win64\134.0.6998.88\chromedriver-win32/chromedriver.exe] found in cache
2025-03-17 07:35:04,903 - INFO - Driver [C:\Users\usuario\.wdm\drivers\chromedriver\win64\134.0.6998.88\chromedriver-win32/chromedriver.exe] found in cache
2025-03-17 07:35:04,904 - INFO - Driver [C:\Users\usuario\.wdm\drivers\chromedriver\win64\134.0.6998.88\chromedriver-win32/chromedriver.exe] found in cache
2025-03-17 07:35:06,943 - INFO - Worker 14: Loaded Walmart leasing page
2025-03-17 07:35:07,293 - INFO - Worker 9: Loaded Walmart leasing page
2025-03-17 07:35:07,300 - INFO - Worker 0: Loaded Walmart leasing page
2025-03-17 07:35:07,366 - INFO - Worker 12: Loaded Walmart leasing page
2025-03-17 07:35:07,887 - INFO - Worker 2: Loaded Walmart leasing page
2025-03-17 07:35:07,893 - INFO - Worker 4: Loaded Walmart leasing page
2025-03-17 07:35:09,585 - INFO - Worker 3: Loaded Walmart leasing page
2025-03-17 07:35:09,725 - INFO - Worker 6: Loaded Walmart leasing page
2025-03-17 07:35:10,154 - INFO - Worker 13: Loaded Walmart leasing page
2025-03-17 07:35:10,155 - INFO - Worker 11: Loaded Walmart leasing page
2025-03-17 07:35:10,155 - INFO - Worker 5: Loaded Walmart leasing page
2025-03-17 07:35:10,346 - INFO - Worker 7: Loaded Walmart leasing page
2025-03-17 07:35:10,349 - INFO - Worker 8: Loaded Walmart leasing page
2025-03-17 07:35:10,389 - INFO - Worker 1: Loaded Walmart leasing page
2025-03-17 07:35:10,641 - INFO - Worker 10: Loaded Walmart leasing page
2025-03-17 07:35:14,785 - INFO - Worker 12: Found 2079 property buttons
2025-03-17 07:35:14,869 - INFO - Worker 14: Found 0 property buttons
2025-03-17 07:35:14,870 - WARNING - Worker 14: Some buttons (138) are out of range. Will process 0 buttons.
2025-03-17 07:35:14,910 - INFO - Worker 9: Found 0 property buttons
2025-03-17 07:35:14,912 - WARNING - Worker 9: Some buttons (138) are out of range. Will process 0 buttons.
2025-03-17 07:35:14,971 - INFO - Worker 3: Found 2079 property buttons
2025-03-17 07:35:15,108 - INFO - Worker 12: Found property Store #2256 with 2 available spaces
2025-03-17 07:35:15,293 - INFO - Worker 3: Found property Store #731 with 1 available space
2025-03-17 07:35:15,407 - INFO - Worker 0: Found 0 property buttons
2025-03-17 07:35:15,407 - WARNING - Worker 0: Some buttons (138) are out of range. Will process 0 buttons.
2025-03-17 07:35:15,458 - INFO - Worker 5: Found 0 property buttons
2025-03-17 07:35:15,459 - WARNING - Worker 5: Some buttons (138) are out of range. Will process 0 buttons.
2025-03-17 07:35:15,460 - INFO - Worker 7: Found 0 property buttons
2025-03-17 07:35:15,460 - INFO - Worker 8: Found 0 property buttons
2025-03-17 07:35:15,461 - INFO - Worker 13: Found 0 property buttons
2025-03-17 07:35:15,461 - WARNING - Worker 7: Some buttons (138) are out of range. Will process 0 buttons.
2025-03-17 07:35:15,462 - INFO - Worker 1: Found 0 property buttons
2025-03-17 07:35:15,462 - WARNING - Worker 8: Some buttons (138) are out of range. Will process 0 buttons.
2025-03-17 07:35:15,463 - WARNING - Worker 13: Some buttons (138) are out of range. Will process 0 buttons.
2025-03-17 07:35:15,463 - WARNING - Worker 1: Some buttons (138) are out of range. Will process 0 buttons.
2025-03-17 07:35:15,520 - INFO - Worker 2: Found 0 property buttons
2025-03-17 07:35:15,520 - WARNING - Worker 2: Some buttons (138) are out of range. Will process 0 buttons.
2025-03-17 07:35:15,676 - INFO - Worker 10: Found 0 property buttons
2025-03-17 07:35:15,683 - WARNING - Worker 10: Some buttons (138) are out of range. Will process 0 buttons.
2025-03-17 07:35:15,768 - INFO - Worker 4: Found 0 property buttons
2025-03-17 07:35:15,768 - WARNING - Worker 4: Some buttons (138) are out of range. Will process 0 buttons.
2025-03-17 07:35:16,093 - INFO - Worker 11: Found 2079 property buttons
2025-03-17 07:35:16,132 - INFO - Worker 6: Found 2079 property buttons
2025-03-17 07:35:16,406 - INFO - Worker 11: Found property Store #2823 with 1 available space
2025-03-17 07:35:16,652 - INFO - Worker 6: Found property Store #5175 with 2 available spaces
2025-03-17 07:35:17,109 - INFO - Worker 9 completed, found 0 properties with small spaces
2025-03-17 07:35:17,124 - INFO - Worker 14 completed, found 0 properties with small spaces
2025-03-17 07:35:17,787 - INFO - Worker 7 completed, found 0 properties with small spaces
2025-03-17 07:35:17,867 - INFO - Worker 5 completed, found 0 properties with small spaces
2025-03-17 07:35:17,913 - INFO - Worker 0 completed, found 0 properties with small spaces
2025-03-17 07:35:18,119 - INFO - Worker 8 completed, found 0 properties with small spaces
2025-03-17 07:35:18,371 - INFO - Worker 1 completed, found 0 properties with small spaces
2025-03-17 07:35:18,434 - INFO - Worker 13 completed, found 0 properties with small spaces
2025-03-17 07:35:18,513 - INFO - Worker 2 completed, found 0 properties with small spaces
2025-03-17 07:35:18,733 - INFO - Worker 4 completed, found 0 properties with small spaces
2025-03-17 07:35:18,743 - INFO - Worker 3: Found 1 spaces under 1000 sqft
2025-03-17 07:35:18,796 - INFO - Worker 10 completed, found 0 properties with small spaces
2025-03-17 07:35:19,557 - INFO - Worker 11: Found 1 spaces under 1000 sqft
2025-03-17 07:35:20,728 - INFO - Worker 3: Found property Store #664 with 2 available spaces
2025-03-17 07:35:20,737 - INFO - Worker 11: Found property Store #2845 with 1 available space
2025-03-17 07:35:20,749 - INFO - Worker 6: Found property Store #1104 with 1 available space
2025-03-17 07:35:24,355 - INFO - Worker 3: Found 1 spaces under 1000 sqft
2025-03-17 07:35:25,179 - INFO - Worker 6: Found property Store #1483 with 2 available spaces
2025-03-17 07:35:25,184 - INFO - Worker 3: Found property Store #1493 with 1 available space
2025-03-17 07:35:25,185 - INFO - Worker 11: Found property Store #5030 with 1 available space
2025-03-17 07:35:26,632 - INFO - Worker 12: Found 1 spaces under 1000 sqft
2025-03-17 07:35:28,363 - INFO - Worker 3: Found 1 spaces under 1000 sqft
2025-03-17 07:35:28,777 - INFO - Worker 12: Found property Store #1953 with 1 available space
2025-03-17 07:35:29,190 - INFO - Worker 11: Found property Store #5028 with 3 available spaces
2025-03-17 07:35:29,193 - INFO - Worker 3: Found property Store #6807 with 1 available space
2025-03-17 07:35:31,508 - INFO - Worker 12: Found 1 spaces under 1000 sqft
2025-03-17 07:35:32,457 - INFO - Worker 11: Found 1 spaces under 1000 sqft
2025-03-17 07:35:32,515 - INFO - Worker 3: Found 1 spaces under 1000 sqft
2025-03-17 07:35:33,332 - INFO - Worker 12: Found property Store #5285 with 3 available spaces
2025-03-17 07:35:33,344 - INFO - Worker 3: Found property Store #2322 with 1 available space
2025-03-17 07:35:33,345 - INFO - Worker 11: Found property Store #5411 with 3 available spaces
2025-03-17 07:35:36,972 - INFO - Worker 3: Found 1 spaces under 1000 sqft
2025-03-17 07:35:36,987 - INFO - Worker 12: Found 2 spaces under 1000 sqft
2025-03-17 07:35:37,077 - INFO - Worker 11: Found 2 spaces under 1000 sqft
2025-03-17 07:35:37,903 - INFO - Worker 3: Found property Store #1384 with 2 available spaces
2025-03-17 07:35:37,907 - INFO - Worker 12: Found property Store #4660 with 1 available space
2025-03-17 07:35:37,909 - INFO - Worker 11: Found property Store #2102 with 1 available space
2025-03-17 07:35:41,383 - INFO - Worker 3: Found 2 spaces under 1000 sqft
2025-03-17 07:35:41,539 - INFO - Worker 12: Found 1 spaces under 1000 sqft
2025-03-17 07:35:41,656 - INFO - Worker 11: Found 1 spaces under 1000 sqft
2025-03-17 07:35:42,482 - INFO - Worker 3: Found property Store #495 with 3 available spaces
2025-03-17 07:35:42,483 - INFO - Worker 12: Found property Store #1522 with 1 available space
2025-03-17 07:35:42,484 - INFO - Worker 11: Found property Store #2510 with 2 available spaces
2025-03-17 07:35:45,979 - INFO - Worker 11: Found 1 spaces under 1000 sqft
2025-03-17 07:35:46,177 - INFO - Worker 3: Found 3 spaces under 1000 sqft
2025-03-17 07:35:47,003 - INFO - Worker 11: Found property Store #1243 with 1 available space
2025-03-17 07:35:47,004 - INFO - Worker 3: Found property Store #1240 with 1 available space
2025-03-17 07:35:47,005 - INFO - Worker 12: Found property Store #1236 with 2 available spaces
2025-03-17 07:35:50,556 - INFO - Worker 11: Found 1 spaces under 1000 sqft
2025-03-17 07:35:50,638 - INFO - Worker 12: Found 1 spaces under 1000 sqft
2025-03-17 07:35:50,692 - INFO - Worker 3: Found 1 spaces under 1000 sqft
2025-03-17 07:35:51,525 - INFO - Worker 11: Found property Store #3581 with 1 available space
2025-03-17 07:35:51,526 - INFO - Worker 3: Found property Store #175 with 2 available spaces
2025-03-17 07:35:51,527 - INFO - Worker 12: Found property Store #5082 with 1 available space
2025-03-17 07:35:55,047 - INFO - Worker 12: Found 1 spaces under 1000 sqft
2025-03-17 07:35:55,197 - INFO - Worker 11: Found 1 spaces under 1000 sqft
2025-03-17 07:35:55,233 - INFO - Worker 3: Found 2 spaces under 1000 sqft
2025-03-17 07:35:56,062 - INFO - Worker 12: Found property Store #1714 with 1 available space
2025-03-17 07:35:56,062 - INFO - Worker 3: Found property Store #950 with 1 available space
2025-03-17 07:35:56,067 - INFO - Worker 11: Found property Store #4317 with 1 available space
2025-03-17 07:35:59,692 - INFO - Worker 12: Found 1 spaces under 1000 sqft
2025-03-17 07:35:59,765 - INFO - Worker 3: Found 1 spaces under 1000 sqft
2025-03-17 07:36:00,599 - INFO - Worker 11: Found property Store #2149 with 3 available spaces
2025-03-17 07:36:00,600 - INFO - Worker 3: Found property Store #94 with 2 available spaces
2025-03-17 07:36:00,638 - INFO - Worker 12: Found property Store #5088 with 2 available spaces
2025-03-17 07:36:04,093 - INFO - Worker 11: Found 2 spaces under 1000 sqft
2025-03-17 07:36:04,284 - INFO - Worker 3: Found 2 spaces under 1000 sqft
2025-03-17 07:36:04,289 - INFO - Worker 12: Found 2 spaces under 1000 sqft
2025-03-17 07:36:06,192 - INFO - Worker 3: Found property Store #1620 with 2 available spaces
2025-03-17 07:36:06,238 - INFO - Worker 12: Found property Store #1987 with 2 available spaces
2025-03-17 07:36:06,256 - INFO - Worker 11: Found property Store #3595 with 1 available space
2025-03-17 07:36:07,418 - INFO - Worker 6: Found property Store #878 with 1 available space
2025-03-17 07:36:09,967 - INFO - Worker 3: Found 2 spaces under 1000 sqft
2025-03-17 07:36:10,629 - INFO - Worker 12: Found 2 spaces under 1000 sqft
2025-03-17 07:36:11,065 - INFO - Worker 11: Found 1 spaces under 1000 sqft
2025-03-17 07:36:12,073 - INFO - Worker 3: Found property Store #153 with 1 available space
2025-03-17 07:36:12,081 - INFO - Worker 12: Found property Store #2692 with 2 available spaces
2025-03-17 07:36:12,086 - INFO - Worker 6: Found property Store #1625 with 3 available spaces
2025-03-17 07:36:12,088 - INFO - Worker 11: Found property Store #1782 with 4 available spaces
2025-03-17 07:36:16,760 - INFO - Worker 3: Found 1 spaces under 1000 sqft
2025-03-17 07:36:17,065 - INFO - Worker 12: Found 2 spaces under 1000 sqft
2025-03-17 07:36:17,208 - INFO - Worker 11: Found 1 spaces under 1000 sqft
2025-03-17 07:36:18,017 - INFO - Worker 6: Found property Store #5252 with 1 available space
2025-03-17 07:36:18,028 - INFO - Worker 3: Found property Store #382 with 3 available spaces
2025-03-17 07:36:18,034 - INFO - Worker 12: Found property Store #1752 with 1 available space
2025-03-17 07:36:18,038 - INFO - Worker 11: Found property Store #1477 with 2 available spaces
2025-03-17 07:36:22,851 - INFO - Worker 11: Found 3 spaces under 1000 sqft
2025-03-17 07:36:23,106 - INFO - Worker 3: Found 1 spaces under 1000 sqft
2025-03-17 07:36:23,929 - INFO - Worker 6: Found property Store #1018 with 2 available spaces
2025-03-17 07:36:23,936 - INFO - Worker 11: Found property Store #3328 with 3 available spaces
2025-03-17 07:36:23,939 - INFO - Worker 3: Found property Store #36 with 2 available spaces
2025-03-17 07:36:23,941 - INFO - Worker 12: Found property Store #3722 with 2 available spaces
2025-03-17 07:36:28,860 - INFO - Worker 3: Found 2 spaces under 1000 sqft
2025-03-17 07:36:28,981 - INFO - Worker 12: Found 2 spaces under 1000 sqft
2025-03-17 07:36:29,048 - INFO - Worker 11: Found 3 spaces under 1000 sqft
2025-03-17 07:36:29,869 - INFO - Worker 6: Found property Store #721 with 1 available space
2025-03-17 07:36:29,874 - INFO - Worker 3: Found property Store #43 with 2 available spaces
2025-03-17 07:36:29,878 - INFO - Worker 12: Found property Store #1927 with 1 available space
2025-03-17 07:36:29,879 - INFO - Worker 11: Found property Store #1558 with 3 available spaces
2025-03-17 07:36:34,837 - INFO - Worker 3: Found 2 spaces under 1000 sqft
2025-03-17 07:36:34,952 - INFO - Worker 11: Found 3 spaces under 1000 sqft
2025-03-17 07:36:35,791 - INFO - Worker 6: Found property Store #199 with 3 available spaces
2025-03-17 07:36:35,806 - INFO - Worker 3: Found property Store #919 with 1 available space
2025-03-17 07:36:35,807 - INFO - Worker 11: Found property Store #1268 with 1 available space
2025-03-17 07:36:35,808 - INFO - Worker 12: Found property Store #2541 with 2 available spaces
2025-03-17 07:36:40,839 - INFO - Worker 3: Found 1 spaces under 1000 sqft
2025-03-17 07:36:41,022 - INFO - Worker 12: Found 2 spaces under 1000 sqft
2025-03-17 07:36:41,040 - INFO - Worker 11: Found 2 spaces under 1000 sqft
2025-03-17 07:36:41,859 - INFO - Worker 6: Found property Store #1526 with 1 available space
2025-03-17 07:36:41,864 - INFO - Worker 3: Found property Store #4533 with 2 available spaces
2025-03-17 07:36:41,871 - INFO - Worker 11: Found property Store #1545 with 3 available spaces
2025-03-17 07:36:41,872 - INFO - Worker 12: Found property Store #1664 with 1 available space
2025-03-17 07:36:46,805 - INFO - Worker 3: Found 1 spaces under 1000 sqft
2025-03-17 07:36:46,881 - INFO - Worker 11: Found 2 spaces under 1000 sqft
2025-03-17 07:36:47,038 - INFO - Worker 12: Found 1 spaces under 1000 sqft
2025-03-17 07:36:47,850 - INFO - Worker 6: Found property Store #492 with 3 available spaces
2025-03-17 07:36:47,858 - INFO - Worker 3: Found property Store #118 with 1 available space
2025-03-17 07:36:47,864 - INFO - Worker 11: Found property Store #3304 with 3 available spaces
2025-03-17 07:36:47,868 - INFO - Worker 12: Found property Store #7009 with 1 available space
2025-03-17 07:36:52,943 - INFO - Worker 3: Found 2 spaces under 1000 sqft
2025-03-17 07:36:53,026 - INFO - Worker 12: Found 1 spaces under 1000 sqft
2025-03-17 07:36:53,035 - INFO - Worker 11: Found 2 spaces under 1000 sqft
2025-03-17 07:36:53,857 - INFO - Worker 6: Found property Store #1676 with 3 available spaces
2025-03-17 07:36:53,868 - INFO - Worker 3: Found property Store #14 with 2 available spaces
2025-03-17 07:36:53,869 - INFO - Worker 12: Found property Store #2084 with 1 available space
2025-03-17 07:36:53,870 - INFO - Worker 11: Found property Store #1287 with 1 available space
2025-03-17 07:36:58,435 - INFO - Worker 3: Found 2 spaces under 1000 sqft
2025-03-17 07:36:58,947 - INFO - Worker 11: Found 1 spaces under 1000 sqft
2025-03-17 07:36:59,764 - INFO - Worker 6: Found property Store #7185 with 1 available space
2025-03-17 07:36:59,772 - INFO - Worker 3: Found property Store #93 with 2 available spaces
2025-03-17 07:36:59,778 - INFO - Worker 12: Found property Store #2506 with 1 available space
2025-03-17 07:36:59,779 - INFO - Worker 11: Found property Store #2209 with 1 available space
2025-03-17 07:37:04,916 - INFO - Worker 3: Found 2 spaces under 1000 sqft
2025-03-17 07:37:05,070 - INFO - Worker 11: Found 1 spaces under 1000 sqft
2025-03-17 07:37:05,896 - INFO - Worker 6: Found property Store #711 with 5 available spaces
2025-03-17 07:37:05,904 - INFO - Worker 3: Found property Store #944 with 1 available space
2025-03-17 07:37:05,910 - INFO - Worker 11: Found property Store #1902 with 2 available spaces
2025-03-17 07:37:05,911 - INFO - Worker 12: Found property Store #3864 with 2 available spaces
2025-03-17 07:37:10,974 - INFO - Worker 12: Found 2 spaces under 1000 sqft
2025-03-17 07:37:11,014 - INFO - Worker 3: Found 1 spaces under 1000 sqft
2025-03-17 07:37:11,036 - INFO - Worker 11: Found 1 spaces under 1000 sqft
2025-03-17 07:37:11,862 - INFO - Worker 6: Found property Store #581 with 4 available spaces
2025-03-17 07:37:11,868 - INFO - Worker 3: Found property Store #2131 with 4 available spaces
2025-03-17 07:37:11,869 - INFO - Worker 11: Found property Store #2869 with 1 available space
2025-03-17 07:37:11,870 - INFO - Worker 12: Found property Store #2313 with 3 available spaces
2025-03-17 07:37:16,797 - INFO - Worker 11: Found 1 spaces under 1000 sqft
2025-03-17 07:37:16,812 - INFO - Worker 3: Found 3 spaces under 1000 sqft
2025-03-17 07:37:17,027 - INFO - Worker 12: Found 2 spaces under 1000 sqft
2025-03-17 07:37:17,834 - INFO - Worker 6: Found property Store #1690 with 1 available space
2025-03-17 07:37:17,844 - INFO - Worker 11: Found property Store #5806 with 3 available spaces
2025-03-17 07:37:17,845 - INFO - Worker 3: Found property Store #20 with 2 available spaces
2025-03-17 07:37:17,856 - INFO - Worker 12: Found property Store #1661 with 2 available spaces
2025-03-17 07:37:22,867 - INFO - Worker 11: Found 1 spaces under 1000 sqft
2025-03-17 07:37:22,882 - INFO - Worker 3: Found 2 spaces under 1000 sqft
2025-03-17 07:37:23,033 - INFO - Worker 12: Found 2 spaces under 1000 sqft
2025-03-17 07:37:23,849 - INFO - Worker 6: Found property Store #5326 with 2 available spaces
2025-03-17 07:37:23,858 - INFO - Worker 3: Found property Store #35 with 1 available space
2025-03-17 07:37:23,858 - INFO - Worker 11: Found property Store #5029 with 1 available space
2025-03-17 07:37:23,863 - INFO - Worker 12: Found property Store #4459 with 2 available spaces
2025-03-17 07:37:29,013 - INFO - Worker 11: Found 1 spaces under 1000 sqft
2025-03-17 07:37:29,021 - INFO - Worker 3: Found 1 spaces under 1000 sqft
2025-03-17 07:37:29,139 - INFO - Worker 12: Found 2 spaces under 1000 sqft
2025-03-17 07:37:29,957 - INFO - Worker 6: Found property Store #593 with 2 available spaces
2025-03-17 07:37:29,972 - INFO - Worker 3: Found property Store #1802 with 1 available space
2025-03-17 07:37:29,974 - INFO - Worker 11: Found property Store #5494 with 1 available space
2025-03-17 07:37:29,975 - INFO - Worker 12: Found property Store #3250 with 2 available spaces
2025-03-17 07:37:34,747 - INFO - Worker 11: Found 1 spaces under 1000 sqft
2025-03-17 07:37:35,112 - INFO - Worker 3: Found 1 spaces under 1000 sqft
2025-03-17 07:37:35,181 - INFO - Worker 12: Found 1 spaces under 1000 sqft
2025-03-17 07:37:35,997 - INFO - Worker 6: Found property Store #445 with 4 available spaces
2025-03-17 07:37:36,001 - INFO - Worker 11: Found property Store #1309 with 3 available spaces
2025-03-17 07:37:36,010 - INFO - Worker 3: Found property Store #6392 with 2 available spaces
2025-03-17 07:37:36,012 - INFO - Worker 12: Found property Store #1344 with 1 available space
2025-03-17 07:37:40,716 - INFO - Worker 11: Found 2 spaces under 1000 sqft
2025-03-17 07:37:41,174 - INFO - Worker 12: Found 1 spaces under 1000 sqft
2025-03-17 07:37:41,298 - INFO - Worker 3: Found 1 spaces under 1000 sqft
2025-03-17 07:37:42,117 - INFO - Worker 6: Found property Store #547 with 3 available spaces
2025-03-17 07:37:42,118 - INFO - Worker 11: Found property Store #1238 with 1 available space
2025-03-17 07:37:42,125 - INFO - Worker 12: Found property Store #1298 with 2 available spaces
2025-03-17 07:37:42,126 - INFO - Worker 3: Found property Store #484 with 4 available spaces
2025-03-17 07:37:47,200 - INFO - Worker 11: Found 1 spaces under 1000 sqft
2025-03-17 07:37:47,264 - INFO - Worker 12: Found 1 spaces under 1000 sqft
2025-03-17 07:37:47,407 - INFO - Worker 3: Found 1 spaces under 1000 sqft
2025-03-17 07:37:48,224 - INFO - Worker 6: Found property Store #3349 with 1 available space
2025-03-17 07:37:48,236 - INFO - Worker 3: Found property Store #96 with 2 available spaces
2025-03-17 07:37:48,237 - INFO - Worker 12: Found property Store #2083 with 3 available spaces
2025-03-17 07:37:48,237 - INFO - Worker 11: Found property Store #6958 with 2 available spaces
2025-03-17 07:37:52,947 - INFO - Worker 11: Found 1 spaces under 1000 sqft
2025-03-17 07:37:53,380 - INFO - Worker 12: Found 1 spaces under 1000 sqft
2025-03-17 07:37:53,388 - INFO - Worker 3: Found 3 spaces under 1000 sqft
2025-03-17 07:37:54,282 - INFO - Worker 11: Found property Store #1539 with 1 available space
2025-03-17 07:37:54,284 - INFO - Worker 6: Found property Store #481 with 4 available spaces
2025-03-17 07:37:54,290 - INFO - Worker 3: Found property Store #5441 with 3 available spaces
2025-03-17 07:37:54,291 - INFO - Worker 12: Found property Store #3215 with 2 available spaces
2025-03-17 07:37:58,987 - INFO - Worker 12: Found 2 spaces under 1000 sqft
2025-03-17 07:37:59,214 - INFO - Worker 11: Found 1 spaces under 1000 sqft
2025-03-17 07:37:59,432 - INFO - Worker 3: Found 2 spaces under 1000 sqft
2025-03-17 07:37:59,949 - INFO - Worker 6: Processing button 850
2025-03-17 07:38:00,254 - INFO - Worker 12: Found property Store #5117 with 3 available spaces
2025-03-17 07:38:00,256 - INFO - Worker 6: Found property Store #538 with 1 available space
2025-03-17 07:38:00,259 - INFO - Worker 11: Found property Store #6879 with 2 available spaces
2025-03-17 07:38:00,262 - INFO - Worker 3: Found property Store #2306 with 3 available spaces
2025-03-17 07:38:05,227 - INFO - Worker 11: Found 2 spaces under 1000 sqft
2025-03-17 07:38:05,324 - INFO - Worker 3: Found 2 spaces under 1000 sqft
2025-03-17 07:38:05,444 - INFO - Worker 12: Found 3 spaces under 1000 sqft
2025-03-17 07:38:06,270 - INFO - Worker 6: Found property Store #3874 with 2 available spaces
2025-03-17 07:38:06,271 - INFO - Worker 11: Found property Store #5471 with 2 available spaces
2025-03-17 07:38:06,282 - INFO - Worker 3: Found property Store #4475 with 2 available spaces
2025-03-17 07:38:06,283 - INFO - Worker 12: Found property Store #5159 with 1 available space
2025-03-17 07:38:10,858 - INFO - Worker 11: Found 2 spaces under 1000 sqft
2025-03-17 07:38:11,280 - INFO - Worker 12: Found 1 spaces under 1000 sqft
2025-03-17 07:38:11,423 - INFO - Worker 3: Found 1 spaces under 1000 sqft
2025-03-17 07:38:11,936 - INFO - Worker 11: Processing button 1550
2025-03-17 07:38:12,243 - INFO - Worker 6: Found property Store #687 with 2 available spaces
2025-03-17 07:38:12,244 - INFO - Worker 11: Found property Store #3612 with 3 available spaces
2025-03-17 07:38:12,245 - INFO - Worker 12: Found property Store #1197 with 3 available spaces
2025-03-17 07:38:12,251 - INFO - Worker 3: Found property Store #3273 with 3 available spaces
2025-03-17 07:38:16,968 - INFO - Worker 11: Found 3 spaces under 1000 sqft
2025-03-17 07:38:17,349 - INFO - Worker 12: Found 2 spaces under 1000 sqft
2025-03-17 07:38:17,398 - INFO - Worker 3: Found 1 spaces under 1000 sqft
2025-03-17 07:38:18,217 - INFO - Worker 6: Found property Store #780 with 2 available spaces
2025-03-17 07:38:18,223 - INFO - Worker 11: Found property Store #1312 with 1 available space
2025-03-17 07:38:18,225 - INFO - Worker 3: Found property Store #89 with 2 available spaces
2025-03-17 07:38:18,227 - INFO - Worker 12: Found property Store #2192 with 3 available spaces
2025-03-17 07:38:23,395 - INFO - Worker 12: Found 2 spaces under 1000 sqft
2025-03-17 07:38:23,549 - INFO - Worker 3: Found 2 spaces under 1000 sqft
2025-03-17 07:38:24,371 - INFO - Worker 6: Found property Store #778 with 1 available space
2025-03-17 07:38:24,377 - INFO - Worker 11: Found property Store #1429 with 4 available spaces
2025-03-17 07:38:24,380 - INFO - Worker 12: Found property Store #2910 with 1 available space
2025-03-17 07:38:24,381 - INFO - Worker 3: Found property Store #319 with 4 available spaces
2025-03-17 07:38:29,146 - INFO - Worker 11: Found 3 spaces under 1000 sqft
2025-03-17 07:38:29,449 - INFO - Worker 12: Found 1 spaces under 1000 sqft
2025-03-17 07:38:29,625 - INFO - Worker 3: Found 3 spaces under 1000 sqft
2025-03-17 07:38:30,436 - INFO - Worker 6: Found property Store #886 with 2 available spaces
2025-03-17 07:38:30,446 - INFO - Worker 11: Found property Store #2337 with 1 available space
2025-03-17 07:38:30,451 - INFO - Worker 12: Found property Store #1486 with 1 available space
2025-03-17 07:38:30,453 - INFO - Worker 3: Found property Store #97 with 2 available spaces
2025-03-17 07:38:35,035 - INFO - Worker 11: Found 1 spaces under 1000 sqft
2025-03-17 07:38:35,481 - INFO - Worker 12: Found 1 spaces under 1000 sqft
2025-03-17 07:38:36,001 - INFO - Worker 3: Processing button 450
2025-03-17 07:38:36,300 - INFO - Worker 6: Found property Store #422 with 1 available space
2025-03-17 07:38:36,302 - INFO - Worker 11: Found property Store #1956 with 2 available spaces
2025-03-17 07:38:36,306 - INFO - Worker 3: Found property Store #190 with 1 available space
2025-03-17 07:38:36,312 - INFO - Worker 12: Found property Store #1934 with 2 available spaces
2025-03-17 07:38:41,171 - INFO - Worker 11: Found 2 spaces under 1000 sqft
2025-03-17 07:38:41,423 - INFO - Worker 12: Found 1 spaces under 1000 sqft
2025-03-17 07:38:42,320 - INFO - Worker 6: Found property Store #959 with 2 available spaces
2025-03-17 07:38:42,320 - INFO - Worker 11: Found property Store #4412 with 1 available space
2025-03-17 07:38:42,325 - INFO - Worker 3: Found property Store #2955 with 3 available spaces
2025-03-17 07:38:42,327 - INFO - Worker 12: Found property Store #2079 with 2 available spaces
2025-03-17 07:38:47,200 - INFO - Worker 11: Found 1 spaces under 1000 sqft
2025-03-17 07:38:47,372 - INFO - Worker 12: Found 2 spaces under 1000 sqft
2025-03-17 07:38:47,460 - INFO - Worker 3: Found 1 spaces under 1000 sqft
2025-03-17 07:38:48,276 - INFO - Worker 6: Found property Store #3877 with 3 available spaces
2025-03-17 07:38:48,285 - INFO - Worker 11: Found property Store #2078 with 2 available spaces
2025-03-17 07:38:48,289 - INFO - Worker 3: Found property Store #1001 with 1 available space
2025-03-17 07:38:48,291 - INFO - Worker 12: Found property Store #1707 with 3 available spaces
2025-03-17 07:38:52,761 - INFO - Worker 11: Found 1 spaces under 1000 sqft
2025-03-17 07:38:53,435 - INFO - Worker 12: Found 2 spaces under 1000 sqft
2025-03-17 07:38:53,450 - INFO - Worker 3: Found 1 spaces under 1000 sqft
2025-03-17 07:38:54,262 - INFO - Worker 6: Found property Store #663 with 2 available spaces
2025-03-17 07:38:54,267 - INFO - Worker 11: Found property Store #1672 with 6 available spaces
2025-03-17 07:38:54,280 - INFO - Worker 3: Found property Store #4590 with 1 available space
2025-03-17 07:38:54,282 - INFO - Worker 12: Found property Store #3293 with 3 available spaces
2025-03-17 07:38:58,868 - INFO - Worker 11: Found 2 spaces under 1000 sqft
2025-03-17 07:38:59,499 - INFO - Worker 12: Found 3 spaces under 1000 sqft
2025-03-17 07:39:00,375 - INFO - Worker 6: Found property Store #819 with 2 available spaces
2025-03-17 07:39:00,378 - INFO - Worker 11: Found property Store #2867 with 1 available space
2025-03-17 07:39:00,380 - INFO - Worker 12: Found property Store #2807 with 2 available spaces
2025-03-17 07:39:00,381 - INFO - Worker 3: Found property Store #700 with 2 available spaces
2025-03-17 07:39:05,031 - INFO - Worker 11: Found 4 spaces under 1000 sqft
2025-03-17 07:39:05,692 - INFO - Worker 12: Found 2 spaces under 1000 sqft
2025-03-17 07:39:05,711 - INFO - Worker 3: Found 1 spaces under 1000 sqft
2025-03-17 07:39:06,530 - INFO - Worker 11: Found property Store #1261 with 1 available space
2025-03-17 07:39:06,532 - INFO - Worker 6: Found property Store #3627 with 1 available space
2025-03-17 07:39:06,543 - INFO - Worker 3: Found property Store #4611 with 3 available spaces
2025-03-17 07:39:06,543 - INFO - Worker 12: Found property Store #5387 with 2 available spaces
2025-03-17 07:39:11,372 - INFO - Worker 11: Found 1 spaces under 1000 sqft
2025-03-17 07:39:11,644 - INFO - Worker 3: Found 2 spaces under 1000 sqft
2025-03-17 07:39:11,720 - INFO - Worker 12: Found 2 spaces under 1000 sqft
2025-03-17 07:39:12,532 - INFO - Worker 6: Found property Store #775 with 3 available spaces
2025-03-17 07:39:12,541 - INFO - Worker 11: Found property Store #2545 with 2 available spaces
2025-03-17 07:39:12,548 - INFO - Worker 3: Found property Store #2855 with 2 available spaces
2025-03-17 07:39:12,550 - INFO - Worker 12: Found property Store #1379 with 1 available space
2025-03-17 07:39:17,190 - INFO - Worker 11: Found 1 spaces under 1000 sqft
2025-03-17 07:39:17,698 - INFO - Worker 3: Found 1 spaces under 1000 sqft
2025-03-17 07:39:17,743 - INFO - Worker 12: Found 1 spaces under 1000 sqft
2025-03-17 07:39:18,560 - INFO - Worker 6: Found property Store #1162 with 1 available space
2025-03-17 07:39:18,563 - INFO - Worker 11: Found property Store #2312 with 2 available spaces
2025-03-17 07:39:18,573 - INFO - Worker 3: Found property Store #1691 with 2 available spaces
2025-03-17 07:39:18,575 - INFO - Worker 12: Found property Store #1726 with 2 available spaces
2025-03-17 07:39:23,228 - INFO - Worker 11: Found 2 spaces under 1000 sqft
2025-03-17 07:39:23,677 - INFO - Worker 12: Found 1 spaces under 1000 sqft
2025-03-17 07:39:24,592 - INFO - Worker 11: Found property Store #2866 with 1 available space
2025-03-17 07:39:24,593 - INFO - Worker 3: Found property Store #64 with 2 available spaces
2025-03-17 07:39:24,598 - INFO - Worker 6: Found property Store #5482 with 1 available space
2025-03-17 07:39:24,603 - INFO - Worker 12: Found property Store #3632 with 1 available space
2025-03-17 07:39:29,813 - INFO - Worker 3: Found 1 spaces under 1000 sqft
2025-03-17 07:39:29,843 - INFO - Worker 12: Found 1 spaces under 1000 sqft
2025-03-17 07:39:30,676 - INFO - Worker 6: Found property Store #603 with 2 available spaces
2025-03-17 07:39:30,690 - INFO - Worker 11: Found property Store #1767 with 3 available spaces
2025-03-17 07:39:30,691 - INFO - Worker 3: Found property Store #842 with 2 available spaces
2025-03-17 07:39:30,691 - INFO - Worker 12: Found property Store #1611 with 4 available spaces
2025-03-17 07:39:35,400 - INFO - Worker 11: Found 2 spaces under 1000 sqft
2025-03-17 07:39:35,823 - INFO - Worker 12: Found 4 spaces under 1000 sqft
2025-03-17 07:39:35,848 - INFO - Worker 3: Found 2 spaces under 1000 sqft
2025-03-17 07:39:36,372 - INFO - Worker 12: Processing button 1700
2025-03-17 07:39:36,671 - INFO - Worker 6: Found property Store #1152 with 2 available spaces
2025-03-17 07:39:36,671 - INFO - Worker 11: Found property Store #5346 with 1 available space
2025-03-17 07:39:36,678 - INFO - Worker 3: Found property Store #815 with 3 available spaces
2025-03-17 07:39:36,680 - INFO - Worker 12: Found property Store #2019 with 1 available space
2025-03-17 07:39:41,464 - INFO - Worker 11: Found 2 spaces under 1000 sqft
2025-03-17 07:39:41,817 - INFO - Worker 3: Found 3 spaces under 1000 sqft
2025-03-17 07:39:41,951 - INFO - Worker 12: Found 4 spaces under 1000 sqft
2025-03-17 07:39:42,775 - INFO - Worker 6: Found property Store #5035 with 1 available space
2025-03-17 07:39:42,776 - INFO - Worker 3: Found property Store #1091 with 1 available space
2025-03-17 07:39:42,776 - INFO - Worker 11: Found property Store #2937 with 3 available spaces
2025-03-17 07:39:42,780 - INFO - Worker 12: Found property Store #5040 with 1 available space
2025-03-17 07:39:47,303 - INFO - Worker 11: Found 1 spaces under 1000 sqft
2025-03-17 07:39:47,818 - INFO - Worker 12: Found 1 spaces under 1000 sqft
2025-03-17 07:39:47,975 - INFO - Worker 3: Found 1 spaces under 1000 sqft
2025-03-17 07:39:48,784 - INFO - Worker 11: Found property Store #1719 with 3 available spaces
2025-03-17 07:39:48,786 - INFO - Worker 6: Found property Store #1721 with 2 available spaces
2025-03-17 07:39:48,800 - INFO - Worker 12: Found property Store #5851 with 1 available space
2025-03-17 07:39:48,802 - INFO - Worker 3: Found property Store #486 with 1 available space
2025-03-17 07:39:53,469 - INFO - Worker 11: Found 3 spaces under 1000 sqft
2025-03-17 07:39:53,989 - INFO - Worker 3: Found 1 spaces under 1000 sqft
2025-03-17 07:39:54,046 - INFO - Worker 12: Found 1 spaces under 1000 sqft
2025-03-17 07:39:54,857 - INFO - Worker 6: Found property Store #870 with 2 available spaces
2025-03-17 07:39:54,866 - INFO - Worker 11: Found property Store #5472 with 1 available space
2025-03-17 07:39:54,876 - INFO - Worker 3: Found property Store #1094 with 2 available spaces
2025-03-17 07:39:54,877 - INFO - Worker 12: Found property Store #3223 with 2 available spaces
2025-03-17 07:39:59,931 - INFO - Worker 11: Found 1 spaces under 1000 sqft
2025-03-17 07:39:59,994 - INFO - Worker 12: Found 2 spaces under 1000 sqft
2025-03-17 07:40:00,886 - INFO - Worker 6: Found property Store #2513 with 1 available space
2025-03-17 07:40:00,897 - INFO - Worker 11: Found property Store #3243 with 1 available space
2025-03-17 07:40:00,898 - INFO - Worker 3: Found property Store #19 with 2 available spaces
2025-03-17 07:40:00,898 - INFO - Worker 12: Found property Store #1883 with 3 available spaces
2025-03-17 07:40:06,142 - INFO - Worker 3: Found 1 spaces under 1000 sqft
2025-03-17 07:40:06,161 - INFO - Worker 12: Found 3 spaces under 1000 sqft
2025-03-17 07:40:06,978 - INFO - Worker 6: Found property Store #987 with 1 available space
2025-03-17 07:40:06,993 - INFO - Worker 3: Found property Store #3382 with 2 available spaces
2025-03-17 07:40:06,994 - INFO - Worker 11: Found property Store #3182 with 3 available spaces
2025-03-17 07:40:06,995 - INFO - Worker 12: Found property Store #1542 with 2 available spaces
2025-03-17 07:40:11,930 - INFO - Worker 12: Found 3 spaces under 1000 sqft
2025-03-17 07:40:11,993 - INFO - Worker 3: Found 1 spaces under 1000 sqft
2025-03-17 07:40:12,252 - INFO - Worker 11: Found 2 spaces under 1000 sqft
2025-03-17 07:40:13,075 - INFO - Worker 3: Found property Store #105 with 1 available space
2025-03-17 07:40:13,076 - INFO - Worker 6: Found property Store #2827 with 2 available spaces
2025-03-17 07:40:13,077 - INFO - Worker 12: Found property Store #2197 with 3 available spaces
2025-03-17 07:40:13,085 - INFO - Worker 11: Found property Store #1423 with 4 available spaces
2025-03-17 07:40:18,230 - INFO - Worker 11: Found 3 spaces under 1000 sqft
2025-03-17 07:40:18,331 - INFO - Worker 12: Found 3 spaces under 1000 sqft
2025-03-17 07:40:18,427 - INFO - Worker 3: Found 2 spaces under 1000 sqft
2025-03-17 07:40:19,247 - INFO - Worker 6: Found property Store #1121 with 1 available space
2025-03-17 07:40:19,253 - INFO - Worker 11: Found property Store #5444 with 1 available space
2025-03-17 07:40:19,257 - INFO - Worker 3: Found property Store #1411 with 1 available space
2025-03-17 07:40:19,258 - INFO - Worker 12: Found property Store #1300 with 1 available space
2025-03-17 07:40:24,398 - INFO - Worker 11: Found 1 spaces under 1000 sqft
2025-03-17 07:40:24,408 - INFO - Worker 3: Found 1 spaces under 1000 sqft
2025-03-17 07:40:25,268 - INFO - Worker 6: Found property Store #559 with 1 available space
2025-03-17 07:40:25,280 - INFO - Worker 3: Found property Store #61 with 3 available spaces
2025-03-17 07:40:25,282 - INFO - Worker 12: Found property Store #2420 with 1 available space
2025-03-17 07:40:25,283 - INFO - Worker 11: Found property Store #1465 with 1 available space
2025-03-17 07:40:30,361 - INFO - Worker 12: Found 1 spaces under 1000 sqft
2025-03-17 07:40:30,417 - INFO - Worker 11: Found 1 spaces under 1000 sqft
2025-03-17 07:40:30,514 - INFO - Worker 3: Found 2 spaces under 1000 sqft
2025-03-17 07:40:31,331 - INFO - Worker 6: Found property Store #5034 with 2 available spaces
2025-03-17 07:40:31,340 - INFO - Worker 12: Found property Store #1502 with 3 available spaces
2025-03-17 07:40:31,342 - INFO - Worker 3: Found property Store #1014 with 1 available space
2025-03-17 07:40:31,344 - INFO - Worker 11: Found property Store #3761 with 2 available spaces
2025-03-17 07:40:36,365 - INFO - Worker 12: Found 2 spaces under 1000 sqft
2025-03-17 07:40:36,602 - INFO - Worker 11: Found 1 spaces under 1000 sqft
2025-03-17 07:40:37,421 - INFO - Worker 6: Found property Store #555 with 1 available space
2025-03-17 07:40:37,429 - INFO - Worker 3: Found property Store #184 with 2 available spaces
2025-03-17 07:40:37,430 - INFO - Worker 12: Found property Store #4643 with 1 available space
2025-03-17 07:40:37,433 - INFO - Worker 11: Found property Store #6951 with 1 available space
2025-03-17 07:40:42,515 - INFO - Worker 11: Found 1 spaces under 1000 sqft
2025-03-17 07:40:42,758 - INFO - Worker 12: Found 1 spaces under 1000 sqft
2025-03-17 07:40:43,580 - INFO - Worker 6: Found property Store #4368 with 1 available space
2025-03-17 07:40:43,584 - INFO - Worker 11: Found property Store #1937 with 2 available spaces
2025-03-17 07:40:43,587 - INFO - Worker 3: Found property Store #26 with 2 available spaces
2025-03-17 07:40:43,589 - INFO - Worker 12: Found property Store #2281 with 3 available spaces
2025-03-17 07:40:48,548 - INFO - Worker 3: Found 1 spaces under 1000 sqft
2025-03-17 07:40:48,803 - INFO - Worker 12: Found 2 spaces under 1000 sqft
2025-03-17 07:40:49,624 - INFO - Worker 3: Found property Store #219 with 2 available spaces
2025-03-17 07:40:49,625 - INFO - Worker 6: Found property Store #1474 with 1 available space
2025-03-17 07:40:49,625 - INFO - Worker 11: Found property Store #4540 with 1 available space
2025-03-17 07:40:49,632 - INFO - Worker 12: Found property Store #3825 with 4 available spaces
2025-03-17 07:40:54,289 - INFO - Worker 11: Found 1 spaces under 1000 sqft
2025-03-17 07:40:54,727 - INFO - Worker 3: Found 2 spaces under 1000 sqft
2025-03-17 07:40:54,822 - INFO - Worker 12: Found 3 spaces under 1000 sqft
2025-03-17 07:40:55,640 - INFO - Worker 6: Found property Store #1028 with 1 available space
2025-03-17 07:40:55,656 - INFO - Worker 11: Found property Store #3262 with 2 available spaces
2025-03-17 07:40:55,668 - INFO - Worker 3: Found property Store #2857 with 1 available space
2025-03-17 07:40:55,669 - INFO - Worker 12: Found property Store #6952 with 1 available space
2025-03-17 07:41:00,095 - INFO - Worker 11: Found 1 spaces under 1000 sqft
2025-03-17 07:41:00,809 - INFO - Worker 12: Found 3 spaces under 1000 sqft
2025-03-17 07:41:00,917 - INFO - Worker 3: Found 1 spaces under 1000 sqft
2025-03-17 07:41:01,729 - INFO - Worker 6: Found property Store #4166 with 2 available spaces
2025-03-17 07:41:01,730 - INFO - Worker 11: Found property Store #1191 with 2 available spaces
2025-03-17 07:41:01,746 - INFO - Worker 3: Found property Store #234 with 1 available space
2025-03-17 07:41:01,747 - INFO - Worker 12: Found property Store #2417 with 2 available spaces
2025-03-17 07:41:06,620 - INFO - Worker 11: Found 1 spaces under 1000 sqft
2025-03-17 07:41:06,934 - INFO - Worker 3: Found 1 spaces under 1000 sqft
2025-03-17 07:41:06,961 - INFO - Worker 12: Found 2 spaces under 1000 sqft
2025-03-17 07:41:07,780 - INFO - Worker 6: Found property Store #580 with 1 available space
2025-03-17 07:41:07,785 - INFO - Worker 11: Found property Store #1636 with 2 available spaces
2025-03-17 07:41:07,790 - INFO - Worker 3: Found property Store #335 with 3 available spaces
2025-03-17 07:41:07,792 - INFO - Worker 12: Found property Store #2556 with 2 available spaces
2025-03-17 07:41:12,480 - INFO - Worker 11: Found 2 spaces under 1000 sqft
2025-03-17 07:41:12,862 - INFO - Worker 12: Found 1 spaces under 1000 sqft
2025-03-17 07:41:13,004 - INFO - Worker 3: Found 3 spaces under 1000 sqft
2025-03-17 07:41:13,822 - INFO - Worker 6: Found property Store #1283 with 1 available space
2025-03-17 07:41:13,823 - INFO - Worker 11: Found property Store #1448 with 1 available space
2025-03-17 07:41:13,831 - INFO - Worker 12: Found property Store #3608 with 3 available spaces
2025-03-17 07:41:13,833 - INFO - Worker 3: Found property Store #30 with 1 available space
2025-03-17 07:41:18,764 - INFO - Worker 11: Found 1 spaces under 1000 sqft
2025-03-17 07:41:19,049 - INFO - Worker 12: Found 3 spaces under 1000 sqft
2025-03-17 07:41:19,869 - INFO - Worker 6: Found property Store #676 with 2 available spaces
2025-03-17 07:41:19,875 - INFO - Worker 3: Found property Store #1019 with 1 available space
2025-03-17 07:41:19,878 - INFO - Worker 11: Found property Store #1445 with 4 available spaces
2025-03-17 07:41:19,879 - INFO - Worker 12: Found property Store #2287 with 1 available space
2025-03-17 07:41:24,949 - INFO - Worker 12: Found 3 spaces under 1000 sqft
2025-03-17 07:41:25,078 - INFO - Worker 11: Found 4 spaces under 1000 sqft
2025-03-17 07:41:25,898 - INFO - Worker 6: Found property Store #1323 with 1 available space
2025-03-17 07:41:25,909 - INFO - Worker 3: Found property Store #1054 with 3 available spaces
2025-03-17 07:41:25,909 - INFO - Worker 12: Found property Store #1355 with 2 available spaces
2025-03-17 07:41:25,910 - INFO - Worker 11: Found property Store #2662 with 3 available spaces
2025-03-17 07:41:30,826 - INFO - Worker 11: Found 4 spaces under 1000 sqft
2025-03-17 07:41:31,045 - INFO - Worker 3: Found 2 spaces under 1000 sqft
2025-03-17 07:41:31,086 - INFO - Worker 12: Found 2 spaces under 1000 sqft
2025-03-17 07:41:31,902 - INFO - Worker 6: Found property Store #5157 with 3 available spaces
2025-03-17 07:41:31,911 - INFO - Worker 11: Found property Store #1986 with 1 available space
2025-03-17 07:41:31,915 - INFO - Worker 3: Found property Store #1230 with 2 available spaces
2025-03-17 07:41:31,916 - INFO - Worker 12: Found property Store #1770 with 2 available spaces
2025-03-17 07:41:37,016 - INFO - Worker 11: Found 1 spaces under 1000 sqft
2025-03-17 07:41:37,069 - INFO - Worker 3: Found 2 spaces under 1000 sqft
2025-03-17 07:41:37,109 - INFO - Worker 12: Found 2 spaces under 1000 sqft
2025-03-17 07:41:37,929 - INFO - Worker 6: Found property Store #3485 with 2 available spaces
2025-03-17 07:41:37,942 - INFO - Worker 3: Found property Store #120 with 2 available spaces
2025-03-17 07:41:37,943 - INFO - Worker 11: Found property Store #4458 with 1 available space
2025-03-17 07:41:37,943 - INFO - Worker 12: Found property Store #5376 with 1 available space
2025-03-17 07:41:42,701 - INFO - Worker 11: Found 1 spaces under 1000 sqft
2025-03-17 07:41:43,007 - INFO - Worker 3: Found 1 spaces under 1000 sqft
2025-03-17 07:41:43,080 - INFO - Worker 12: Found 1 spaces under 1000 sqft
2025-03-17 07:41:43,906 - INFO - Worker 6: Found property Store #800 with 2 available spaces
2025-03-17 07:41:43,906 - INFO - Worker 11: Found property Store #3889 with 1 available space
2025-03-17 07:41:43,911 - INFO - Worker 3: Found property Store #764 with 2 available spaces
2025-03-17 07:41:43,912 - INFO - Worker 12: Found property Store #1354 with 2 available spaces
2025-03-17 07:41:49,078 - INFO - Worker 11: Found 1 spaces under 1000 sqft
2025-03-17 07:41:49,134 - INFO - Worker 12: Found 1 spaces under 1000 sqft
2025-03-17 07:41:49,190 - INFO - Worker 3: Found 1 spaces under 1000 sqft
2025-03-17 07:41:50,010 - INFO - Worker 6: Found property Store #366 with 1 available space
2025-03-17 07:41:50,021 - INFO - Worker 3: Found property Store #403 with 2 available spaces
2025-03-17 07:41:50,023 - INFO - Worker 12: Found property Store #4638 with 2 available spaces
2025-03-17 07:41:50,024 - INFO - Worker 11: Found property Store #1724 with 2 available spaces
2025-03-17 07:41:54,745 - INFO - Worker 11: Found 2 spaces under 1000 sqft
2025-03-17 07:41:55,079 - INFO - Worker 12: Found 1 spaces under 1000 sqft
2025-03-17 07:41:55,212 - INFO - Worker 3: Found 2 spaces under 1000 sqft
2025-03-17 07:41:56,024 - INFO - Worker 6: Found property Store #3460 with 3 available spaces
2025-03-17 07:41:56,031 - INFO - Worker 11: Found property Store #1754 with 5 available spaces
2025-03-17 07:41:56,038 - INFO - Worker 12: Found property Store #1568 with 4 available spaces
2025-03-17 07:41:56,040 - INFO - Worker 3: Found property Store #195 with 2 available spaces
2025-03-17 07:42:00,259 - INFO - Worker 11: Found 5 spaces under 1000 sqft
2025-03-17 07:42:01,150 - INFO - Worker 12: Found 4 spaces under 1000 sqft
2025-03-17 07:42:01,319 - INFO - Worker 3: Found 2 spaces under 1000 sqft
2025-03-17 07:42:02,131 - INFO - Worker 11: Found property Store #2872 with 1 available space
2025-03-17 07:42:02,135 - INFO - Worker 6: Found property Store #3417 with 1 available space
2025-03-17 07:42:02,145 - INFO - Worker 12: Found property Store #2474 with 1 available space
2025-03-17 07:42:02,146 - INFO - Worker 3: Found property Store #287 with 1 available space
2025-03-17 07:42:06,941 - INFO - Worker 11: Found 1 spaces under 1000 sqft
2025-03-17 07:42:07,204 - INFO - Worker 12: Found 1 spaces under 1000 sqft
2025-03-17 07:42:07,259 - INFO - Worker 3: Found 1 spaces under 1000 sqft
2025-03-17 07:42:08,081 - INFO - Worker 6: Found property Store #2716 with 1 available space
2025-03-17 07:42:08,087 - INFO - Worker 11: Found property Store #1237 with 2 available spaces
2025-03-17 07:42:08,091 - INFO - Worker 3: Found property Store #325 with 1 available space
2025-03-17 07:42:08,093 - INFO - Worker 12: Found property Store #1641 with 2 available spaces
2025-03-17 07:42:12,862 - INFO - Worker 11: Found 2 spaces under 1000 sqft
2025-03-17 07:42:13,189 - INFO - Worker 3: Found 1 spaces under 1000 sqft
2025-03-17 07:42:13,212 - INFO - Worker 12: Found 2 spaces under 1000 sqft
2025-03-17 07:42:14,031 - INFO - Worker 6: Found property Store #1421 with 2 available spaces
2025-03-17 07:42:14,037 - INFO - Worker 11: Found property Store #4849 with 2 available spaces
2025-03-17 07:42:14,041 - INFO - Worker 3: Found property Store #4497 with 1 available space
2025-03-17 07:42:14,042 - INFO - Worker 12: Found property Store #3838 with 1 available space
2025-03-17 07:42:18,900 - INFO - Worker 3: Found 1 spaces under 1000 sqft
2025-03-17 07:42:18,983 - INFO - Worker 11: Found 1 spaces under 1000 sqft
2025-03-17 07:42:19,193 - INFO - Worker 12: Found 1 spaces under 1000 sqft
2025-03-17 07:42:20,021 - INFO - Worker 6: Found property Store #4616 with 1 available space
2025-03-17 07:42:20,021 - INFO - Worker 3: Found property Store #483 with 1 available space
2025-03-17 07:42:20,027 - INFO - Worker 11: Found property Store #1628 with 1 available space
2025-03-17 07:42:20,028 - INFO - Worker 12: Found property Store #3228 with 2 available spaces
2025-03-17 07:42:24,807 - INFO - Worker 11: Found 1 spaces under 1000 sqft
2025-03-17 07:42:25,130 - INFO - Worker 12: Found 2 spaces under 1000 sqft
2025-03-17 07:42:25,155 - INFO - Worker 3: Found 1 spaces under 1000 sqft
2025-03-17 07:42:25,976 - INFO - Worker 6: Found property Store #1205 with 1 available space
2025-03-17 07:42:25,980 - INFO - Worker 11: Found property Store #1900 with 1 available space
2025-03-17 07:42:25,986 - INFO - Worker 3: Found property Store #3271 with 2 available spaces
2025-03-17 07:42:25,987 - INFO - Worker 12: Found property Store #2674 with 2 available spaces
2025-03-17 07:42:30,929 - INFO - Worker 11: Found 1 spaces under 1000 sqft
2025-03-17 07:42:31,126 - INFO - Worker 12: Found 1 spaces under 1000 sqft
2025-03-17 07:42:31,944 - INFO - Worker 6: Found property Store #2714 with 2 available spaces
2025-03-17 07:42:31,951 - INFO - Worker 3: Found property Store #423 with 3 available spaces
2025-03-17 07:42:31,954 - INFO - Worker 11: Found property Store #4250 with 1 available space
2025-03-17 07:42:31,958 - INFO - Worker 12: Found property Store #2647 with 1 available space
2025-03-17 07:42:37,196 - INFO - Worker 3: Found 2 spaces under 1000 sqft
2025-03-17 07:42:37,232 - INFO - Worker 12: Found 1 spaces under 1000 sqft
2025-03-17 07:42:38,055 - INFO - Worker 6: Found property Store #968 with 2 available spaces
2025-03-17 07:42:38,056 - INFO - Worker 11: Found property Store #2772 with 2 available spaces
2025-03-17 07:42:38,065 - INFO - Worker 3: Found property Store #3582 with 3 available spaces
2025-03-17 07:42:38,066 - INFO - Worker 12: Found property Store #2008 with 1 available space
2025-03-17 07:42:42,741 - INFO - Worker 11: Found 1 spaces under 1000 sqft
2025-03-17 07:42:43,234 - INFO - Worker 12: Found 1 spaces under 1000 sqft
2025-03-17 07:42:43,257 - INFO - Worker 3: Found 3 spaces under 1000 sqft
2025-03-17 07:42:44,080 - INFO - Worker 6: Found property Store #3459 with 3 available spaces
2025-03-17 07:42:44,081 - INFO - Worker 11: Found property Store #1422 with 1 available space
2025-03-17 07:42:44,088 - INFO - Worker 3: Found property Store #4318 with 1 available space
2025-03-17 07:42:44,090 - INFO - Worker 12: Found property Store #2502 with 1 available space
2025-03-17 07:42:49,009 - INFO - Worker 11: Found 1 spaces under 1000 sqft
2025-03-17 07:42:49,173 - INFO - Worker 3: Found 1 spaces under 1000 sqft
2025-03-17 07:42:49,309 - INFO - Worker 12: Found 1 spaces under 1000 sqft
2025-03-17 07:42:50,127 - INFO - Worker 6: Found property Store #556 with 3 available spaces
2025-03-17 07:42:50,135 - INFO - Worker 3: Found property Store #104 with 2 available spaces
2025-03-17 07:42:50,137 - INFO - Worker 11: Found property Store #3476 with 1 available space
2025-03-17 07:42:50,141 - INFO - Worker 12: Found property Store #2808 with 2 available spaces
2025-03-17 07:42:54,722 - INFO - Worker 11: Found 1 spaces under 1000 sqft
2025-03-17 07:42:55,060 - INFO - Worker 12: Found 2 spaces under 1000 sqft
2025-03-17 07:42:55,319 - INFO - Worker 3: Found 2 spaces under 1000 sqft
2025-03-17 07:42:56,138 - INFO - Worker 11: Found property Store #3336 with 1 available space
2025-03-17 07:42:56,142 - INFO - Worker 6: Found property Store #515 with 4 available spaces
2025-03-17 07:42:56,142 - INFO - Worker 12: Found property Store #2617 with 2 available spaces
2025-03-17 07:42:56,147 - INFO - Worker 3: Found property Store #1434 with 2 available spaces
2025-03-17 07:43:01,329 - INFO - Worker 11: Found 1 spaces under 1000 sqft
2025-03-17 07:43:01,365 - INFO - Worker 12: Found 2 spaces under 1000 sqft
2025-03-17 07:43:01,385 - INFO - Worker 3: Found 2 spaces under 1000 sqft
2025-03-17 07:43:01,901 - INFO - Worker 6: Processing button 900
2025-03-17 07:43:02,208 - INFO - Worker 6: Found property Store #569 with 1 available space
2025-03-17 07:43:02,219 - INFO - Worker 3: Found property Store #4335 with 1 available space
2025-03-17 07:43:02,220 - INFO - Worker 12: Found property Store #1969 with 3 available spaces
2025-03-17 07:43:02,220 - INFO - Worker 11: Found property Store #5048 with 2 available spaces
2025-03-17 07:43:06,834 - INFO - Worker 11: Found 2 spaces under 1000 sqft
2025-03-17 07:43:07,171 - INFO - Worker 12: Found 2 spaces under 1000 sqft
2025-03-17 07:43:07,500 - INFO - Worker 3: Found 1 spaces under 1000 sqft
2025-03-17 07:43:08,322 - INFO - Worker 6: Found property Store #709 with 2 available spaces
2025-03-17 07:43:08,322 - INFO - Worker 11: Found property Store #1733 with 2 available spaces
2025-03-17 07:43:08,325 - INFO - Worker 12: Found property Store #1901 with 3 available spaces
2025-03-17 07:43:08,327 - INFO - Worker 3: Found property Store #29 with 3 available spaces
2025-03-17 07:43:13,227 - INFO - Worker 11: Found 2 spaces under 1000 sqft
2025-03-17 07:43:13,491 - INFO - Worker 12: Found 2 spaces under 1000 sqft
2025-03-17 07:43:13,572 - INFO - Worker 3: Found 2 spaces under 1000 sqft
2025-03-17 07:43:14,091 - INFO - Worker 11: Processing button 1600
2025-03-17 07:43:14,392 - INFO - Worker 6: Found property Store #1528 with 3 available spaces
2025-03-17 07:43:14,399 - INFO - Worker 11: Found property Store #5118 with 2 available spaces
2025-03-17 07:43:14,403 - INFO - Worker 12: Found property Store #2027 with 3 available spaces
2025-03-17 07:43:14,404 - INFO - Worker 3: Found property Store #734 with 2 available spaces
2025-03-17 07:43:19,447 - INFO - Worker 11: Found 1 spaces under 1000 sqft
2025-03-17 07:43:19,570 - INFO - Worker 12: Found 3 spaces under 1000 sqft
2025-03-17 07:43:19,599 - INFO - Worker 3: Found 1 spaces under 1000 sqft
2025-03-17 07:43:20,419 - INFO - Worker 6: Found property Store #2443 with 1 available space
2025-03-17 07:43:20,431 - INFO - Worker 3: Found property Store #5262 with 2 available spaces
2025-03-17 07:43:20,432 - INFO - Worker 11: Found property Store #5134 with 1 available space
2025-03-17 07:43:20,433 - INFO - Worker 12: Found property Store #1524 with 1 available space
2025-03-17 07:43:25,526 - INFO - Worker 11: Found 1 spaces under 1000 sqft
2025-03-17 07:43:25,730 - INFO - Worker 3: Found 1 spaces under 1000 sqft
2025-03-17 07:43:25,896 - INFO - Worker 12: Found 1 spaces under 1000 sqft
2025-03-17 07:43:26,715 - INFO - Worker 6: Found property Store #1165 with 2 available spaces
2025-03-17 07:43:26,722 - INFO - Worker 3: Found property Store #5477 with 2 available spaces
2025-03-17 07:43:26,723 - INFO - Worker 11: Found property Store #2580 with 2 available spaces
2025-03-17 07:43:26,726 - INFO - Worker 12: Found property Store #2100 with 2 available spaces
2025-03-17 07:43:31,677 - INFO - Worker 11: Found 2 spaces under 1000 sqft
2025-03-17 07:43:31,762 - INFO - Worker 12: Found 2 spaces under 1000 sqft
2025-03-17 07:43:31,862 - INFO - Worker 3: Found 2 spaces under 1000 sqft
2025-03-17 07:43:32,679 - INFO - Worker 6: Found property Store #1125 with 3 available spaces
2025-03-17 07:43:32,687 - INFO - Worker 11: Found property Store #1288 with 3 available spaces
2025-03-17 07:43:32,692 - INFO - Worker 3: Found property Store #1158 with 1 available space
2025-03-17 07:43:32,693 - INFO - Worker 12: Found property Store #2160 with 1 available space
2025-03-17 07:43:37,160 - INFO - Worker 11: Found 3 spaces under 1000 sqft
2025-03-17 07:43:37,877 - INFO - Worker 12: Found 1 spaces under 1000 sqft
2025-03-17 07:43:38,042 - INFO - Worker 3: Found 1 spaces under 1000 sqft
2025-03-17 07:43:38,565 - INFO - Worker 3: Processing button 500
2025-03-17 07:43:38,860 - INFO - Worker 6: Found property Store #2231 with 2 available spaces
2025-03-17 07:43:38,861 - INFO - Worker 11: Found property Store #4273 with 1 available space
2025-03-17 07:43:38,872 - INFO - Worker 3: Found property Store #5123 with 1 available space
2025-03-17 07:43:38,873 - INFO - Worker 12: Found property Store #2821 with 2 available spaces
2025-03-17 07:43:43,908 - INFO - Worker 11: Found 1 spaces under 1000 sqft
2025-03-17 07:43:44,027 - INFO - Worker 12: Found 1 spaces under 1000 sqft
2025-03-17 07:43:44,085 - INFO - Worker 3: Found 1 spaces under 1000 sqft
2025-03-17 07:43:44,902 - INFO - Worker 6: Found property Store #3630 with 5 available spaces
2025-03-17 07:43:44,911 - INFO - Worker 11: Found property Store #1428 with 4 available spaces
2025-03-17 07:43:44,913 - INFO - Worker 3: Found property Store #930 with 1 available space
2025-03-17 07:43:44,915 - INFO - Worker 12: Found property Store #1656 with 1 available space
2025-03-17 07:43:49,900 - INFO - Worker 11: Found 3 spaces under 1000 sqft
2025-03-17 07:43:50,079 - INFO - Worker 12: Found 1 spaces under 1000 sqft
2025-03-17 07:43:50,904 - INFO - Worker 6: Found property Store #5115 with 4 available spaces
2025-03-17 07:43:50,913 - INFO - Worker 3: Found property Store #363 with 1 available space
2025-03-17 07:43:50,915 - INFO - Worker 12: Found property Store #1820 with 1 available space
2025-03-17 07:43:50,916 - INFO - Worker 11: Found property Store #2912 with 1 available space
2025-03-17 07:43:55,619 - INFO - Worker 11: Found 1 spaces under 1000 sqft
2025-03-17 07:43:56,142 - INFO - Worker 12: Found 1 spaces under 1000 sqft
2025-03-17 07:43:56,964 - INFO - Worker 6: Found property Store #1535 with 3 available spaces
2025-03-17 07:43:56,965 - INFO - Worker 11: Found property Store #5842 with 1 available space
2025-03-17 07:43:56,972 - INFO - Worker 3: Found property Store #660 with 3 available spaces
2025-03-17 07:43:56,974 - INFO - Worker 12: Found property Store #2136 with 3 available spaces
2025-03-17 07:44:01,571 - INFO - Worker 11: Found 1 spaces under 1000 sqft
2025-03-17 07:44:02,166 - INFO - Worker 12: Found 3 spaces under 1000 sqft
2025-03-17 07:44:02,209 - INFO - Worker 3: Found 3 spaces under 1000 sqft
2025-03-17 07:44:03,025 - INFO - Worker 6: Found property Store #3255 with 3 available spaces
2025-03-17 07:44:03,030 - INFO - Worker 11: Found property Store #2434 with 2 available spaces
2025-03-17 07:44:03,037 - INFO - Worker 3: Found property Store #684 with 1 available space
2025-03-17 07:44:03,038 - INFO - Worker 12: Found property Store #2295 with 2 available spaces
2025-03-17 07:44:07,749 - INFO - Worker 11: Found 1 spaces under 1000 sqft
2025-03-17 07:44:08,390 - INFO - Worker 12: Found 2 spaces under 1000 sqft
2025-03-17 07:44:08,432 - INFO - Worker 3: Found 3 spaces under 1000 sqft
2025-03-17 07:44:09,251 - INFO - Worker 6: Found property Store #1143 with 2 available spaces
2025-03-17 07:44:09,251 - INFO - Worker 11: Found property Store #1751 with 1 available space
2025-03-17 07:44:09,264 - INFO - Worker 3: Found property Store #723 with 2 available spaces
2025-03-17 07:44:09,265 - INFO - Worker 12: Found property Store #1872 with 3 available spaces
2025-03-17 07:44:14,175 - INFO - Worker 12: Found 2 spaces under 1000 sqft
2025-03-17 07:44:14,247 - INFO - Worker 11: Found 1 spaces under 1000 sqft
2025-03-17 07:44:14,501 - INFO - Worker 3: Found 2 spaces under 1000 sqft
2025-03-17 07:44:15,318 - INFO - Worker 6: Found property Store #705 with 1 available space
2025-03-17 07:44:15,328 - INFO - Worker 11: Found property Store #1812 with 1 available space
2025-03-17 07:44:15,329 - INFO - Worker 12: Found property Store #2358 with 1 available space
2025-03-17 07:44:15,329 - INFO - Worker 3: Found property Store #2994 with 2 available spaces
2025-03-17 07:44:20,331 - INFO - Worker 11: Found 1 spaces under 1000 sqft
2025-03-17 07:44:20,436 - INFO - Worker 3: Found 1 spaces under 1000 sqft
2025-03-17 07:44:20,603 - INFO - Worker 12: Found 1 spaces under 1000 sqft
2025-03-17 07:44:21,424 - INFO - Worker 6: Found property Store #4511 with 1 available space
2025-03-17 07:44:21,430 - INFO - Worker 11: Found property Store #2631 with 1 available space
2025-03-17 07:44:21,433 - INFO - Worker 3: Found property Store #9 with 4 available spaces
2025-03-17 07:44:21,434 - INFO - Worker 12: Found property Store #2795 with 2 available spaces
2025-03-17 07:44:25,803 - INFO - Worker 11: Found 1 spaces under 1000 sqft
2025-03-17 07:44:26,646 - INFO - Worker 12: Found 1 spaces under 1000 sqft
2025-03-17 07:44:26,710 - INFO - Worker 3: Found 3 spaces under 1000 sqft
2025-03-17 07:44:27,528 - INFO - Worker 11: Found property Store #2693 with 2 available spaces
2025-03-17 07:44:27,530 - INFO - Worker 6: Found property Store #633 with 1 available space
2025-03-17 07:44:27,540 - INFO - Worker 3: Found property Store #820 with 3 available spaces
2025-03-17 07:44:27,541 - INFO - Worker 12: Found property Store #1525 with 4 available spaces
2025-03-17 07:44:32,057 - INFO - Worker 11: Found 2 spaces under 1000 sqft
2025-03-17 07:44:32,791 - INFO - Worker 12: Found 4 spaces under 1000 sqft
2025-03-17 07:44:32,831 - INFO - Worker 3: Found 2 spaces under 1000 sqft
2025-03-17 07:44:33,654 - INFO - Worker 6: Found property Store #3237 with 2 available spaces
2025-03-17 07:44:33,655 - INFO - Worker 11: Found property Store #3768 with 1 available space
2025-03-17 07:44:33,663 - INFO - Worker 3: Found property Store #4187 with 1 available space
2025-03-17 07:44:33,665 - INFO - Worker 12: Found property Store #2318 with 1 available space
2025-03-17 07:44:38,364 - INFO - Worker 11: Found 1 spaces under 1000 sqft
2025-03-17 07:44:38,882 - INFO - Worker 12: Found 1 spaces under 1000 sqft
2025-03-17 07:44:38,891 - INFO - Worker 3: Found 1 spaces under 1000 sqft
2025-03-17 07:44:39,414 - INFO - Worker 12: Processing button 1750
2025-03-17 07:44:39,709 - INFO - Worker 6: Found property Store #1310 with 2 available spaces
2025-03-17 07:44:39,710 - INFO - Worker 11: Found property Store #2618 with 1 available space
2025-03-17 07:44:39,720 - INFO - Worker 3: Found property Store #675 with 3 available spaces
2025-03-17 07:44:39,723 - INFO - Worker 12: Found property Store #3253 with 1 available space
2025-03-17 07:44:44,559 - INFO - Worker 11: Found 1 spaces under 1000 sqft
2025-03-17 07:44:44,970 - INFO - Worker 12: Found 1 spaces under 1000 sqft
2025-03-17 07:44:45,065 - INFO - Worker 3: Found 1 spaces under 1000 sqft
2025-03-17 07:44:45,882 - INFO - Worker 6: Found property Store #1241 with 1 available space
2025-03-17 07:44:45,883 - INFO - Worker 11: Found property Store #5046 with 1 available space
2025-03-17 07:44:45,891 - INFO - Worker 12: Found property Store #4514 with 3 available spaces
2025-03-17 07:44:45,893 - INFO - Worker 3: Found property Store #826 with 2 available spaces
2025-03-17 07:44:50,673 - INFO - Worker 3: Found 1 spaces under 1000 sqft
2025-03-17 07:44:51,129 - INFO - Worker 12: Found 3 spaces under 1000 sqft
2025-03-17 07:44:51,946 - INFO - Worker 6: Found property Store #753 with 4 available spaces
2025-03-17 07:44:51,954 - INFO - Worker 3: Found property Store #1101 with 2 available spaces
2025-03-17 07:44:51,961 - INFO - Worker 12: Found property Store #3344 with 3 available spaces
2025-03-17 07:44:51,962 - INFO - Worker 11: Found property Store #2402 with 4 available spaces
2025-03-17 07:44:56,916 - INFO - Worker 11: Found 3 spaces under 1000 sqft
2025-03-17 07:44:57,210 - INFO - Worker 12: Found 3 spaces under 1000 sqft
2025-03-17 07:44:57,281 - INFO - Worker 3: Found 1 spaces under 1000 sqft
2025-03-17 07:44:58,097 - INFO - Worker 6: Found property Store #666 with 1 available space
2025-03-17 07:44:58,102 - INFO - Worker 11: Found property Store #5292 with 1 available space
2025-03-17 07:44:58,110 - INFO - Worker 3: Found property Store #4407 with 2 available spaces
2025-03-17 07:44:58,112 - INFO - Worker 12: Found property Store #1406 with 3 available spaces
2025-03-17 07:45:03,045 - INFO - Worker 11: Found 3 spaces under 1000 sqft
2025-03-17 07:45:03,135 - INFO - Worker 3: Found 1 spaces under 1000 sqft
2025-03-17 07:45:03,385 - INFO - Worker 12: Found 3 spaces under 1000 sqft
2025-03-17 07:45:04,195 - INFO - Worker 6: Found property Store #741 with 3 available spaces
2025-03-17 07:45:04,205 - INFO - Worker 3: Found property Store #1201 with 1 available space
2025-03-17 07:45:04,206 - INFO - Worker 11: Found property Store #4484 with 1 available space
2025-03-17 07:45:04,214 - INFO - Worker 12: Found property Store #1935 with 1 available space
2025-03-17 07:45:09,549 - INFO - Worker 12: Found 1 spaces under 1000 sqft
2025-03-17 07:45:09,575 - INFO - Worker 3: Found 1 spaces under 1000 sqft
2025-03-17 07:45:10,414 - INFO - Worker 6: Found property Store #2990 with 2 available spaces
2025-03-17 07:45:10,423 - INFO - Worker 3: Found property Store #3428 with 1 available space
2025-03-17 07:45:10,423 - INFO - Worker 12: Found property Store #2561 with 1 available space
2025-03-17 07:45:10,428 - INFO - Worker 11: Found property Store #1392 with 1 available space
2025-03-17 07:45:15,396 - INFO - Worker 11: Found 1 spaces under 1000 sqft
2025-03-17 07:45:15,618 - INFO - Worker 12: Found 1 spaces under 1000 sqft
2025-03-17 07:45:15,694 - INFO - Worker 3: Found 1 spaces under 1000 sqft
2025-03-17 07:45:16,510 - INFO - Worker 6: Found property Store #665 with 2 available spaces
2025-03-17 07:45:16,518 - INFO - Worker 11: Found property Store #2115 with 1 available space
2025-03-17 07:45:16,523 - INFO - Worker 3: Found property Store #766 with 1 available space
2025-03-17 07:45:16,524 - INFO - Worker 12: Found property Store #1833 with 2 available spaces
2025-03-17 07:45:21,588 - INFO - Worker 11: Found 1 spaces under 1000 sqft
2025-03-17 07:45:21,747 - INFO - Worker 12: Found 2 spaces under 1000 sqft
2025-03-17 07:45:22,073 - INFO - Worker 3: Found 1 spaces under 1000 sqft
2025-03-17 07:45:22,901 - INFO - Worker 6: Found property Store #1496 with 5 available spaces
2025-03-17 07:45:22,905 - INFO - Worker 3: Found property Store #560 with 4 available spaces
2025-03-17 07:45:22,905 - INFO - Worker 12: Found property Store #5864 with 1 available space
2025-03-17 07:45:22,906 - INFO - Worker 11: Found property Store #1432 with 1 available space
2025-03-17 07:45:27,847 - INFO - Worker 11: Found 1 spaces under 1000 sqft
2025-03-17 07:45:28,147 - INFO - Worker 3: Found 3 spaces under 1000 sqft
2025-03-17 07:45:28,316 - INFO - Worker 12: Found 1 spaces under 1000 sqft
2025-03-17 07:45:29,232 - INFO - Worker 6: Found property Store #1734 with 1 available space
2025-03-17 07:45:29,232 - INFO - Worker 11: Found property Store #1839 with 2 available spaces
2025-03-17 07:45:29,236 - INFO - Worker 3: Found property Store #2111 with 2 available spaces
2025-03-17 07:45:29,240 - INFO - Worker 12: Found property Store #2540 with 3 available spaces
2025-03-17 07:45:34,343 - INFO - Worker 11: Found 1 spaces under 1000 sqft
2025-03-17 07:45:34,500 - INFO - Worker 12: Found 1 spaces under 1000 sqft
2025-03-17 07:45:34,589 - INFO - Worker 3: Found 3 spaces under 1000 sqft
2025-03-17 07:45:35,408 - INFO - Worker 6: Found property Store #4865 with 2 available spaces
2025-03-17 07:45:35,416 - INFO - Worker 11: Found property Store #1928 with 2 available spaces
2025-03-17 07:45:35,416 - INFO - Worker 12: Found property Store #2278 with 1 available space
2025-03-17 07:45:35,417 - INFO - Worker 3: Found property Store #4330 with 2 available spaces
2025-03-17 07:45:40,424 - INFO - Worker 11: Found 2 spaces under 1000 sqft
2025-03-17 07:45:40,690 - INFO - Worker 12: Found 1 spaces under 1000 sqft
2025-03-17 07:45:40,784 - INFO - Worker 3: Found 2 spaces under 1000 sqft
2025-03-17 07:45:41,605 - INFO - Worker 6: Found property Store #922 with 1 available space
2025-03-17 07:45:41,605 - INFO - Worker 11: Found property Store #1345 with 1 available space
2025-03-17 07:45:41,611 - INFO - Worker 12: Found property Store #4258 with 3 available spaces
2025-03-17 07:45:41,612 - INFO - Worker 3: Found property Store #1711 with 1 available space
2025-03-17 07:45:46,838 - INFO - Worker 3: Found 1 spaces under 1000 sqft
2025-03-17 07:45:46,920 - INFO - Worker 12: Found 3 spaces under 1000 sqft
2025-03-17 07:45:47,740 - INFO - Worker 6: Found property Store #5403 with 3 available spaces
2025-03-17 07:45:47,743 - INFO - Worker 11: Found property Store #1321 with 2 available spaces
2025-03-17 07:45:47,745 - INFO - Worker 3: Found property Store #3805 with 2 available spaces
2025-03-17 07:45:47,749 - INFO - Worker 12: Found property Store #2520 with 2 available spaces
2025-03-17 07:45:52,946 - INFO - Worker 12: Found 2 spaces under 1000 sqft
2025-03-17 07:45:53,007 - INFO - Worker 3: Found 1 spaces under 1000 sqft
2025-03-17 07:45:53,818 - INFO - Worker 6: Found property Store #4235 with 3 available spaces
2025-03-17 07:45:53,834 - INFO - Worker 11: Found property Store #4065 with 2 available spaces
2025-03-17 07:45:53,835 - INFO - Worker 3: Found property Store #107 with 1 available space
2025-03-17 07:45:53,839 - INFO - Worker 12: Found property Store #5445 with 1 available space
2025-03-17 07:45:58,839 - INFO - Worker 11: Found 1 spaces under 1000 sqft
2025-03-17 07:45:59,120 - INFO - Worker 3: Found 1 spaces under 1000 sqft
2025-03-17 07:45:59,130 - INFO - Worker 12: Found 2 spaces under 1000 sqft
2025-03-17 07:45:59,946 - INFO - Worker 6: Found property Store #942 with 1 available space
2025-03-17 07:45:59,955 - INFO - Worker 11: Found property Store #1352 with 1 available space
2025-03-17 07:45:59,960 - INFO - Worker 3: Found property Store #3227 with 3 available spaces
2025-03-17 07:45:59,961 - INFO - Worker 12: Found property Store #7199 with 1 available space
2025-03-17 07:46:04,398 - INFO - Worker 11: Found 1 spaces under 1000 sqft
2025-03-17 07:46:05,185 - INFO - Worker 12: Found 1 spaces under 1000 sqft
2025-03-17 07:46:05,211 - INFO - Worker 3: Found 1 spaces under 1000 sqft
2025-03-17 07:46:06,023 - INFO - Worker 11: Found property Store #3726 with 1 available space
2025-03-17 07:46:06,030 - INFO - Worker 6: Found property Store #551 with 1 available space
2025-03-17 07:46:06,040 - INFO - Worker 3: Found property Store #2784 with 1 available space
2025-03-17 07:46:06,041 - INFO - Worker 12: Found property Store #2663 with 1 available space
2025-03-17 07:46:10,713 - INFO - Worker 11: Found 1 spaces under 1000 sqft
2025-03-17 07:46:11,159 - INFO - Worker 3: Found 1 spaces under 1000 sqft
2025-03-17 07:46:11,175 - INFO - Worker 12: Found 1 spaces under 1000 sqft
2025-03-17 07:46:11,991 - INFO - Worker 6: Found property Store #864 with 3 available spaces
2025-03-17 07:46:11,996 - INFO - Worker 11: Found property Store #4255 with 1 available space
2025-03-17 07:46:12,005 - INFO - Worker 3: Found property Store #762 with 1 available space
2025-03-17 07:46:12,006 - INFO - Worker 12: Found property Store #1687 with 3 available spaces
2025-03-17 07:46:16,966 - INFO - Worker 12: Found 3 spaces under 1000 sqft
2025-03-17 07:46:17,955 - INFO - Worker 6: Found property Store #1225 with 1 available space
2025-03-17 07:46:17,959 - INFO - Worker 11: Found property Store #1350 with 1 available space
2025-03-17 07:46:17,963 - INFO - Worker 12: Found property Store #2117 with 2 available spaces
2025-03-17 07:46:17,965 - INFO - Worker 3: Found property Store #740 with 1 available space
2025-03-17 07:46:22,872 - INFO - Worker 12: Found 1 spaces under 1000 sqft
2025-03-17 07:46:23,137 - INFO - Worker 3: Found 1 spaces under 1000 sqft
2025-03-17 07:46:23,949 - INFO - Worker 6: Found property Store #1415 with 2 available spaces
2025-03-17 07:46:23,955 - INFO - Worker 11: Found property Store #4697 with 1 available space
2025-03-17 07:46:23,963 - INFO - Worker 12: Found property Store #1648 with 2 available spaces
2025-03-17 07:46:23,966 - INFO - Worker 3: Found property Store #394 with 4 available spaces
2025-03-17 07:46:28,673 - INFO - Worker 11: Found 1 spaces under 1000 sqft
2025-03-17 07:46:29,042 - INFO - Worker 3: Found 4 spaces under 1000 sqft
2025-03-17 07:46:29,057 - INFO - Worker 12: Found 2 spaces under 1000 sqft
2025-03-17 07:46:29,877 - INFO - Worker 6: Found property Store #1234 with 2 available spaces
2025-03-17 07:46:29,878 - INFO - Worker 11: Found property Store #2914 with 3 available spaces
2025-03-17 07:46:29,887 - INFO - Worker 3: Found property Store #65 with 1 available space
2025-03-17 07:46:29,888 - INFO - Worker 12: Found property Store #3408 with 2 available spaces
2025-03-17 07:46:34,352 - INFO - Worker 11: Found 2 spaces under 1000 sqft
2025-03-17 07:46:34,787 - INFO - Worker 3: Found 1 spaces under 1000 sqft
2025-03-17 07:46:35,000 - INFO - Worker 12: Found 2 spaces under 1000 sqft
2025-03-17 07:46:35,812 - INFO - Worker 6: Found property Store #1220 with 2 available spaces
2025-03-17 07:46:35,813 - INFO - Worker 11: Found property Store #1894 with 1 available space
2025-03-17 07:46:35,820 - INFO - Worker 3: Found property Store #451 with 1 available space
2025-03-17 07:46:35,830 - INFO - Worker 12: Found property Store #3281 with 1 available space
2025-03-17 07:46:40,459 - INFO - Worker 11: Found 2 spaces under 1000 sqft
2025-03-17 07:46:40,805 - INFO - Worker 3: Found 1 spaces under 1000 sqft
2025-03-17 07:46:41,026 - INFO - Worker 12: Found 2 spaces under 1000 sqft
2025-03-17 07:46:41,846 - INFO - Worker 6: Found property Store #955 with 1 available space
2025-03-17 07:46:41,847 - INFO - Worker 11: Found property Store #1335 with 3 available spaces
2025-03-17 07:46:41,850 - INFO - Worker 3: Found property Store #80 with 1 available space
2025-03-17 07:46:41,855 - INFO - Worker 12: Found property Store #2455 with 3 available spaces
2025-03-17 07:46:47,031 - INFO - Worker 12: Found 1 spaces under 1000 sqft
2025-03-17 07:46:47,849 - INFO - Worker 6: Found property Store #2932 with 2 available spaces
2025-03-17 07:46:47,856 - INFO - Worker 3: Found property Store #2270 with 1 available space
2025-03-17 07:46:47,857 - INFO - Worker 11: Found property Store #2966 with 2 available spaces
2025-03-17 07:46:47,861 - INFO - Worker 12: Found property Store #1703 with 2 available spaces
2025-03-17 07:46:52,610 - INFO - Worker 11: Found 2 spaces under 1000 sqft
2025-03-17 07:46:52,883 - INFO - Worker 12: Found 2 spaces under 1000 sqft
2025-03-17 07:46:53,001 - INFO - Worker 3: Found 1 spaces under 1000 sqft
2025-03-17 07:46:53,819 - INFO - Worker 6: Found property Store #1083 with 1 available space
2025-03-17 07:46:53,825 - INFO - Worker 11: Found property Store #3701 with 1 available space
2025-03-17 07:46:53,830 - INFO - Worker 3: Found property Store #37 with 2 available spaces
2025-03-17 07:46:53,831 - INFO - Worker 12: Found property Store #2861 with 1 available space
2025-03-17 07:46:58,759 - INFO - Worker 12: Found 2 spaces under 1000 sqft
2025-03-17 07:46:59,022 - INFO - Worker 3: Found 2 spaces under 1000 sqft
2025-03-17 07:46:59,046 - INFO - Worker 11: Found 2 spaces under 1000 sqft
2025-03-17 07:46:59,863 - INFO - Worker 6: Found property Store #4223 with 3 available spaces
2025-03-17 07:46:59,871 - INFO - Worker 12: Found property Store #2862 with 1 available space
2025-03-17 07:46:59,876 - INFO - Worker 3: Found property Store #159 with 2 available spaces
2025-03-17 07:46:59,877 - INFO - Worker 11: Found property Store #4243 with 3 available spaces
2025-03-17 07:47:05,047 - INFO - Worker 11: Found 3 spaces under 1000 sqft
2025-03-17 07:47:05,089 - INFO - Worker 3: Found 2 spaces under 1000 sqft
2025-03-17 07:47:05,904 - INFO - Worker 6: Found property Store #2920 with 1 available space
2025-03-17 07:47:05,914 - INFO - Worker 12: Found property Store #2566 with 1 available space
2025-03-17 07:47:05,915 - INFO - Worker 3: Found property Store #2713 with 1 available space
2025-03-17 07:47:05,916 - INFO - Worker 11: Found property Store #2354 with 2 available spaces
2025-03-17 07:47:10,864 - INFO - Worker 12: Found 1 spaces under 1000 sqft
2025-03-17 07:47:10,873 - INFO - Worker 11: Found 3 spaces under 1000 sqft
2025-03-17 07:47:11,914 - INFO - Worker 6: Found property Store #908 with 2 available spaces
2025-03-17 07:47:11,918 - INFO - Worker 12: Found property Store #3219 with 1 available space
2025-03-17 07:47:11,923 - INFO - Worker 11: Found property Store #5859 with 1 available space
2025-03-17 07:47:11,926 - INFO - Worker 3: Found property Store #95 with 2 available spaces
2025-03-17 07:47:16,157 - INFO - Worker 11: Found 3 spaces under 1000 sqft
2025-03-17 07:47:17,041 - INFO - Worker 12: Found 1 spaces under 1000 sqft
2025-03-17 07:47:17,130 - INFO - Worker 3: Found 2 spaces under 1000 sqft
2025-03-17 07:47:17,942 - INFO - Worker 11: Found property Store #2273 with 2 available spaces
2025-03-17 07:47:17,952 - INFO - Worker 6: Found property Store #4118 with 5 available spaces
2025-03-17 07:47:17,958 - INFO - Worker 3: Found property Store #604 with 3 available spaces
2025-03-17 07:47:17,960 - INFO - Worker 12: Found property Store #4423 with 3 available spaces
2025-03-17 07:47:22,855 - INFO - Worker 11: Found 1 spaces under 1000 sqft
2025-03-17 07:47:23,126 - INFO - Worker 12: Found 3 spaces under 1000 sqft
2025-03-17 07:47:23,149 - INFO - Worker 3: Found 3 spaces under 1000 sqft
2025-03-17 07:47:23,967 - INFO - Worker 6: Found property Store #1005 with 1 available space
2025-03-17 07:47:23,975 - INFO - Worker 11: Found property Store #1544 with 1 available space
2025-03-17 07:47:23,978 - INFO - Worker 3: Found property Store #2534 with 2 available spaces
2025-03-17 07:47:23,980 - INFO - Worker 12: Found property Store #3277 with 1 available space
2025-03-17 07:47:28,959 - INFO - Worker 11: Found 2 spaces under 1000 sqft
2025-03-17 07:47:29,156 - INFO - Worker 12: Found 3 spaces under 1000 sqft
2025-03-17 07:47:29,220 - INFO - Worker 3: Found 2 spaces under 1000 sqft
2025-03-17 07:47:30,031 - INFO - Worker 6: Found property Store #1093 with 1 available space
2025-03-17 07:47:30,045 - INFO - Worker 11: Found property Store #2199 with 2 available spaces
2025-03-17 07:47:30,049 - INFO - Worker 3: Found property Store #562 with 2 available spaces
2025-03-17 07:47:30,051 - INFO - Worker 12: Found property Store #1682 with 2 available spaces
2025-03-17 07:47:35,181 - INFO - Worker 11: Found 3 spaces under 1000 sqft
2025-03-17 07:47:35,198 - INFO - Worker 12: Found 2 spaces under 1000 sqft
2025-03-17 07:47:35,301 - INFO - Worker 3: Found 2 spaces under 1000 sqft
2025-03-17 07:47:36,119 - INFO - Worker 6: Found property Store #1026 with 2 available spaces
2025-03-17 07:47:36,130 - INFO - Worker 11: Found property Store #4424 with 1 available space
2025-03-17 07:47:36,131 - INFO - Worker 3: Found property Store #4639 with 1 available space
2025-03-17 07:47:36,132 - INFO - Worker 12: Found property Store #4348 with 1 available space
2025-03-17 07:47:40,913 - INFO - Worker 11: Found 2 spaces under 1000 sqft
2025-03-17 07:47:41,413 - INFO - Worker 12: Found 1 spaces under 1000 sqft
2025-03-17 07:47:42,258 - INFO - Worker 6: Found property Store #1122 with 1 available space
2025-03-17 07:47:42,267 - INFO - Worker 11: Found property Store #2644 with 1 available space
2025-03-17 07:47:42,277 - INFO - Worker 3: Found property Store #730 with 1 available space
2025-03-17 07:47:42,278 - INFO - Worker 12: Found property Store #3214 with 2 available spaces
2025-03-17 07:47:46,962 - INFO - Worker 11: Found 2 spaces under 1000 sqft
2025-03-17 07:47:47,517 - INFO - Worker 12: Found 2 spaces under 1000 sqft
2025-03-17 07:47:48,351 - INFO - Worker 6: Found property Store #1675 with 3 available spaces
2025-03-17 07:47:48,352 - INFO - Worker 11: Found property Store #2852 with 3 available spaces
2025-03-17 07:47:48,361 - INFO - Worker 12: Found property Store #3739 with 2 available spaces
2025-03-17 07:47:48,363 - INFO - Worker 3: Found property Store #670 with 1 available space
2025-03-17 07:47:53,170 - INFO - Worker 11: Found 3 spaces under 1000 sqft
2025-03-17 07:47:53,582 - INFO - Worker 12: Found 2 spaces under 1000 sqft
2025-03-17 07:47:53,725 - INFO - Worker 3: Found 1 spaces under 1000 sqft
2025-03-17 07:47:54,544 - INFO - Worker 6: Found property Store #2065 with 2 available spaces
2025-03-17 07:47:54,544 - INFO - Worker 11: Found property Store #4499 with 1 available space
2025-03-17 07:47:54,552 - INFO - Worker 12: Found property Store #1963 with 1 available space
2025-03-17 07:47:54,554 - INFO - Worker 3: Found property Store #1460 with 3 available spaces
2025-03-17 07:47:59,514 - INFO - Worker 11: Found 3 spaces under 1000 sqft
2025-03-17 07:47:59,769 - INFO - Worker 3: Found 2 spaces under 1000 sqft
2025-03-17 07:48:00,590 - INFO - Worker 6: Found property Store #2820 with 1 available space
2025-03-17 07:48:00,591 - INFO - Worker 11: Found property Store #5410 with 3 available spaces
2025-03-17 07:48:00,595 - INFO - Worker 12: Found property Store #1773 with 1 available space
2025-03-17 07:48:00,596 - INFO - Worker 3: Found property Store #7280 with 3 available spaces
2025-03-17 07:48:05,518 - INFO - Worker 11: Found 3 spaces under 1000 sqft
2025-03-17 07:48:05,931 - INFO - Worker 12: Found 1 spaces under 1000 sqft
2025-03-17 07:48:06,052 - INFO - Worker 3: Found 3 spaces under 1000 sqft
2025-03-17 07:48:06,562 - INFO - Worker 6: Processing button 950
2025-03-17 07:48:06,869 - INFO - Worker 6: Found property Store #1219 with 1 available space
2025-03-17 07:48:06,870 - INFO - Worker 11: Found property Store #2338 with 1 available space
2025-03-17 07:48:06,880 - INFO - Worker 3: Found property Store #1375 with 1 available space
2025-03-17 07:48:06,881 - INFO - Worker 12: Found property Store #5253 with 3 available spaces
2025-03-17 07:48:11,526 - INFO - Worker 11: Found 1 spaces under 1000 sqft
2025-03-17 07:48:11,995 - INFO - Worker 3: Found 1 spaces under 1000 sqft
2025-03-17 07:48:12,060 - INFO - Worker 12: Found 3 spaces under 1000 sqft
2025-03-17 07:48:12,872 - INFO - Worker 6: Found property Store #2753 with 2 available spaces
2025-03-17 07:48:12,877 - INFO - Worker 11: Found property Store #2619 with 2 available spaces
2025-03-17 07:48:12,890 - INFO - Worker 3: Found property Store #188 with 1 available space
2025-03-17 07:48:12,891 - INFO - Worker 12: Found property Store #2189 with 2 available spaces
2025-03-17 07:48:17,421 - INFO - Worker 11: Found 3 spaces under 1000 sqft
2025-03-17 07:48:18,158 - INFO - Worker 3: Found 1 spaces under 1000 sqft
2025-03-17 07:48:18,165 - INFO - Worker 12: Found 2 spaces under 1000 sqft
2025-03-17 07:48:18,675 - INFO - Worker 11: Processing button 1650
2025-03-17 07:48:18,983 - INFO - Worker 11: Found property Store #2558 with 1 available space
2025-03-17 07:48:18,984 - INFO - Worker 6: Found property Store #1086 with 1 available space
2025-03-17 07:48:18,994 - INFO - Worker 3: Found property Store #122 with 1 available space
2025-03-17 07:48:18,996 - INFO - Worker 12: Found property Store #3831 with 3 available spaces
2025-03-17 07:48:23,650 - INFO - Worker 11: Found 2 spaces under 1000 sqft
2025-03-17 07:48:24,234 - INFO - Worker 12: Found 2 spaces under 1000 sqft
2025-03-17 07:48:25,171 - INFO - Worker 6: Found property Store #729 with 4 available spaces
2025-03-17 07:48:25,181 - INFO - Worker 11: Found property Store #4564 with 2 available spaces
2025-03-17 07:48:25,189 - INFO - Worker 12: Found property Store #3729 with 1 available space
2025-03-17 07:48:25,190 - INFO - Worker 3: Found property Store #1124 with 4 available spaces
2025-03-17 07:48:29,979 - INFO - Worker 11: Found 3 spaces under 1000 sqft
2025-03-17 07:48:30,512 - INFO - Worker 12: Found 1 spaces under 1000 sqft
2025-03-17 07:48:31,364 - INFO - Worker 11: Found property Store #1895 with 1 available space
2025-03-17 07:48:31,366 - INFO - Worker 6: Found property Store #1082 with 1 available space
2025-03-17 07:48:31,372 - INFO - Worker 3: Found property Store #662 with 2 available spaces
2025-03-17 07:48:31,373 - INFO - Worker 12: Found property Store #1730 with 2 available spaces
2025-03-17 07:48:36,028 - INFO - Worker 11: Found 2 spaces under 1000 sqft
2025-03-17 07:48:36,412 - INFO - Worker 12: Found 1 spaces under 1000 sqft
2025-03-17 07:48:36,548 - INFO - Worker 3: Found 2 spaces under 1000 sqft
2025-03-17 07:48:37,358 - INFO - Worker 6: Found property Store #1024 with 3 available spaces
2025-03-17 07:48:37,364 - INFO - Worker 11: Found property Store #2522 with 1 available space
2025-03-17 07:48:37,376 - INFO - Worker 3: Found property Store #598 with 1 available space
2025-03-17 07:48:37,377 - INFO - Worker 12: Found property Store #2049 with 1 available space
2025-03-17 07:48:42,180 - INFO - Worker 11: Found 2 spaces under 1000 sqft
2025-03-17 07:48:42,630 - INFO - Worker 12: Found 1 spaces under 1000 sqft
2025-03-17 07:48:42,659 - INFO - Worker 3: Found 1 spaces under 1000 sqft
2025-03-17 07:48:43,182 - INFO - Worker 3: Processing button 550
2025-03-17 07:48:43,476 - INFO - Worker 6: Found property Store #1364 with 3 available spaces
2025-03-17 07:48:43,479 - INFO - Worker 11: Found property Store #5097 with 3 available spaces
2025-03-17 07:48:43,488 - INFO - Worker 3: Found property Store #152 with 2 available spaces
2025-03-17 07:48:43,490 - INFO - Worker 12: Found property Store #3265 with 1 available space
2025-03-17 07:48:48,159 - INFO - Worker 11: Found 4 spaces under 1000 sqft
2025-03-17 07:48:48,659 - INFO - Worker 12: Found 1 spaces under 1000 sqft
2025-03-17 07:48:48,752 - INFO - Worker 3: Found 1 spaces under 1000 sqft
2025-03-17 07:48:49,569 - INFO - Worker 6: Found property Store #1318 with 2 available spaces
2025-03-17 07:48:49,570 - INFO - Worker 11: Found property Store #1911 with 1 available space
2025-03-17 07:48:49,577 - INFO - Worker 12: Found property Store #3644 with 2 available spaces
2025-03-17 07:48:49,578 - INFO - Worker 3: Found property Store #984 with 3 available spaces
2025-03-17 07:48:54,334 - INFO - Worker 11: Found 2 spaces under 1000 sqft
2025-03-17 07:48:54,694 - INFO - Worker 3: Found 3 spaces under 1000 sqft
2025-03-17 07:48:54,893 - INFO - Worker 12: Found 2 spaces under 1000 sqft
2025-03-17 07:48:55,714 - INFO - Worker 6: Found property Store #3702 with 1 available space
2025-03-17 07:48:55,746 - INFO - Worker 12: Found property Store #1631 with 1 available space
2025-03-17 07:48:57,869 - INFO - Worker 3 completed, found 119 properties with small spaces
2025-03-17 07:48:57,900 - INFO - Worker 11 completed, found 123 properties with small spaces
2025-03-17 07:48:59,212 - INFO - Worker 6: Found property Store #7087 with 2 available spaces
2025-03-17 07:49:01,943 - INFO - Worker 6: Found property Store #2889 with 2 available spaces
2025-03-17 07:49:04,676 - INFO - Worker 6: Found property Store #810 with 3 available spaces
2025-03-17 07:49:07,298 - INFO - Worker 12: Found 1 spaces under 1000 sqft
2025-03-17 07:49:08,114 - INFO - Worker 6: Found property Store #1173 with 1 available space
2025-03-17 07:49:08,125 - INFO - Worker 12: Found property Store #2038 with 1 available space
2025-03-17 07:49:11,300 - INFO - Worker 12: Found 1 spaces under 1000 sqft
2025-03-17 07:49:12,116 - INFO - Worker 6: Found property Store #1991 with 1 available space
2025-03-17 07:49:14,088 - INFO - Worker 12 completed, found 130 properties with small spaces
2025-03-17 07:49:15,036 - INFO - Worker 6: Found property Store #4635 with 1 available space
2025-03-17 07:49:21,969 - INFO - Worker 6: Found property Store #636 with 2 available spaces
2025-03-17 07:49:26,640 - INFO - Worker 6 completed, found 0 properties with small spaces
2025-03-17 07:49:26,641 - INFO - Found 372 properties with spaces under 1000 sqft
2025-03-17 07:49:26,648 - INFO - Checking Google data for 372 properties in parallel (only for properties with spaces < 1000 sqft)
2025-03-17 07:50:14,474 - INFO - Found 2 properties matching ALL criteria
2025-03-17 07:50:14,474 - INFO - Total execution time: 927.44 seconds
2025-03-17 07:50:17,586 - INFO - Email sent successfully to josedvilla18@gmail.com
2025-03-17 07:50:17,685 - INFO - Email sent with 2 matching properties
